Using pre-set license
Built from '2021.3/staging' branch; Version is '2021.3.11f1 (0a5ca18544bf) revision 679073'; Using compiler version '192829333'; Build Type 'Release'
OS: 'Windows 10  (10.0.19044) 64bit Core' Language: 'fr' Physical Memory: 16309 MB
BatchMode: 1, IsHumanControllingUs: 0, StartBugReporterOnCrash: 0, Is64bit: 1, IsPro: 1

COMMAND LINE ARGUMENTS:
C:\Program Files\Unity\Hub\Editor\Unity 2021.3.11f1\Editor\Unity.exe
-adb2
-batchMode
-noUpm
-name
AssetImportWorker6
-projectPath
C:/Users/Théo/Desktop/A trier/YDAY_CYG/Yday
-logFile
Logs/AssetImportWorker6.log
-srvPort
55940
Successfully changed project path to: C:/Users/Théo/Desktop/A trier/YDAY_CYG/Yday
C:/Users/Théo/Desktop/A trier/YDAY_CYG/Yday
[UnityMemory] Configuration Parameters - Can be set up in boot.config
    "memorysetup-bucket-allocator-granularity=16"
    "memorysetup-bucket-allocator-bucket-count=8"
    "memorysetup-bucket-allocator-block-size=33554432"
    "memorysetup-bucket-allocator-block-count=8"
    "memorysetup-main-allocator-block-size=16777216"
    "memorysetup-thread-allocator-block-size=16777216"
    "memorysetup-gfx-main-allocator-block-size=16777216"
    "memorysetup-gfx-thread-allocator-block-size=16777216"
    "memorysetup-cache-allocator-block-size=4194304"
    "memorysetup-typetree-allocator-block-size=2097152"
    "memorysetup-profiler-bucket-allocator-granularity=16"
    "memorysetup-profiler-bucket-allocator-bucket-count=8"
    "memorysetup-profiler-bucket-allocator-block-size=33554432"
    "memorysetup-profiler-bucket-allocator-block-count=8"
    "memorysetup-profiler-allocator-block-size=16777216"
    "memorysetup-profiler-editor-allocator-block-size=1048576"
    "memorysetup-temp-allocator-size-main=16777216"
    "memorysetup-job-temp-allocator-block-size=2097152"
    "memorysetup-job-temp-allocator-block-size-background=1048576"
    "memorysetup-job-temp-allocator-reduction-small-platforms=262144"
    "memorysetup-temp-allocator-size-background-worker=32768"
    "memorysetup-temp-allocator-size-job-worker=262144"
    "memorysetup-temp-allocator-size-preload-manager=33554432"
    "memorysetup-temp-allocator-size-nav-mesh-worker=65536"
    "memorysetup-temp-allocator-size-audio-worker=65536"
    "memorysetup-temp-allocator-size-cloud-worker=32768"
    "memorysetup-temp-allocator-size-gi-baking-worker=262144"
    "memorysetup-temp-allocator-size-gfx=262144"
Refreshing native plugins compatible for Editor in 56.27 ms, found 2 plugins.
Preloading 0 native plugins for Editor in 0.00 ms.
Initialize engine version: 2021.3.11f1 (0a5ca18544bf)
[Subsystems] Discovering subsystems at path C:/Program Files/Unity/Hub/Editor/Unity 2021.3.11f1/Editor/Data/Resources/UnitySubsystems
[Subsystems] Discovering subsystems at path C:/Users/Théo/Desktop/A trier/YDAY_CYG/Yday/Assets
GfxDevice: creating device client; threaded=0; jobified=0
Direct3D:
    Version:  Direct3D 11.0 [level 11.1]
    Renderer: NVIDIA GeForce RTX 3060 Ti (ID=0x2489)
    Vendor:   NVIDIA
    VRAM:     8038 MB
    Driver:   31.0.15.2698
Initialize mono
Mono path[0] = 'C:/Program Files/Unity/Hub/Editor/Unity 2021.3.11f1/Editor/Data/Managed'
Mono path[1] = 'C:/Program Files/Unity/Hub/Editor/Unity 2021.3.11f1/Editor/Data/MonoBleedingEdge/lib/mono/unityjit-win32'
Mono config path = 'C:/Program Files/Unity/Hub/Editor/Unity 2021.3.11f1/Editor/Data/MonoBleedingEdge/etc'
Using monoOptions --debugger-agent=transport=dt_socket,embedding=1,server=y,suspend=n,address=127.0.0.1:56908
Begin MonoManager ReloadAssembly
Registering precompiled unity dll's ...
Register platform support module: C:/Program Files/Unity/Hub/Editor/Unity 2021.3.11f1/Editor/Data/PlaybackEngines/WindowsStandaloneSupport/UnityEditor.WindowsStandalone.Extensions.dll
Registered in 0.039019 seconds.
Native extension for WindowsStandalone target not found
Refreshing native plugins compatible for Editor in 48.48 ms, found 2 plugins.
Preloading 0 native plugins for Editor in 0.00 ms.
Mono: successfully reloaded assembly
- Completed reload, in  0.697 seconds
Domain Reload Profiling:
	ReloadAssembly (697ms)
		BeginReloadAssembly (142ms)
			ExecutionOrderSort (0ms)
			DisableScriptedObjects (0ms)
			BackupInstance (0ms)
			ReleaseScriptingObjects (0ms)
			CreateAndSetChildDomain (1ms)
		EndReloadAssembly (384ms)
			LoadAssemblies (132ms)
			RebuildTransferFunctionScriptingTraits (0ms)
			SetupTypeCache (81ms)
			ReleaseScriptCaches (0ms)
			RebuildScriptCaches (23ms)
			SetupLoadedEditorAssemblies (212ms)
				LogAssemblyErrors (0ms)
				InitializePlatformSupportModulesInManaged (16ms)
				SetLoadedEditorAssemblies (0ms)
				RefreshPlugins (49ms)
				BeforeProcessingInitializeOnLoad (1ms)
				ProcessInitializeOnLoadAttributes (108ms)
				ProcessInitializeOnLoadMethodAttributes (38ms)
				AfterProcessingInitializeOnLoad (0ms)
				EditorAssembliesLoaded (0ms)
			ExecutionOrderSort2 (0ms)
			AwakeInstancesAfterBackupRestoration (0ms)
Platform modules already initialized, skipping
Registering precompiled user dll's ...
Registered in 0.017184 seconds.
Begin MonoManager ReloadAssembly
Native extension for WindowsStandalone target not found
Refreshing native plugins compatible for Editor in 54.40 ms, found 2 plugins.
Preloading 0 native plugins for Editor in 0.00 ms.
Mono: successfully reloaded assembly
- Completed reload, in  1.280 seconds
Domain Reload Profiling:
	ReloadAssembly (1281ms)
		BeginReloadAssembly (153ms)
			ExecutionOrderSort (0ms)
			DisableScriptedObjects (4ms)
			BackupInstance (0ms)
			ReleaseScriptingObjects (0ms)
			CreateAndSetChildDomain (18ms)
		EndReloadAssembly (989ms)
			LoadAssemblies (148ms)
			RebuildTransferFunctionScriptingTraits (0ms)
			SetupTypeCache (188ms)
			ReleaseScriptCaches (1ms)
			RebuildScriptCaches (48ms)
			SetupLoadedEditorAssemblies (592ms)
				LogAssemblyErrors (0ms)
				InitializePlatformSupportModulesInManaged (13ms)
				SetLoadedEditorAssemblies (0ms)
				RefreshPlugins (54ms)
				BeforeProcessingInitializeOnLoad (142ms)
				ProcessInitializeOnLoadAttributes (277ms)
				ProcessInitializeOnLoadMethodAttributes (69ms)
				AfterProcessingInitializeOnLoad (37ms)
				EditorAssembliesLoaded (0ms)
			ExecutionOrderSort2 (0ms)
			AwakeInstancesAfterBackupRestoration (8ms)
Platform modules already initialized, skipping
========================================================================
Worker process is ready to serve import requests
Launched and connected shader compiler UnityShaderCompiler.exe after 0.04 seconds
Refreshing native plugins compatible for Editor in 0.93 ms, found 2 plugins.
Preloading 0 native plugins for Editor in 0.00 ms.
Unloading 4052 Unused Serialized files (Serialized files now loaded: 0)
Unloading 46 unused Assets / (0.8 MB). Loaded Objects now: 4511.
Memory consumption went from 182.4 MB to 181.6 MB.
Total: 3.846000 ms (FindLiveObjects: 0.334900 ms CreateObjectMapping: 0.108900 ms MarkObjects: 3.039200 ms  DeleteObjects: 0.362400 ms)

AssetImportParameters requested are different than current active one (requested -> active):
  custom:video-decoder-ogg-theora: a1e56fd34408186e4bbccfd4996cb3dc -> 
  custom:container-muxer-webm: aa71ff27fc2769a1b78a27578f13a17b -> 
  custom:container-demuxer-webm: 4f35f7cbe854078d1ac9338744f61a02 -> 
  custom:video-encoder-webm-vp8: eb34c28f22e8b96e1ab97ce403110664 -> 
  custom:audio-encoder-webm-vorbis: bf7c407c2cedff20999df2af8eb42d56 -> 
  custom:framework-win-MediaFoundation: 216162199b28c13a410421893ffa2e32 -> 
  custom:container-demuxer-ogg: 62fdf1f143b41e24485cea50d1cbac27 -> 
  custom:video-decoder-webm-vp8: 9c59270c3fd7afecdb556c50c9e8de78 -> 
  custom:audio-decoder-ogg-vorbis: bf7c407c2cedff20999df2af8eb42d56 -> 
========================================================================
Received Import Request.
  Time since last request: 193466.173376 seconds.
  path: Assets/Samples/Universal RP/12.1.7/URP Package Samples/SharedAssets/Settings/Global Volume Profile.asset
  artifactKey: Guid(ff8527d309d1d49598d1b259a43975d2) Importer(2089858483,c653a7c40615fbf8c82c05b109e42dfe)
Start importing Assets/Samples/Universal RP/12.1.7/URP Package Samples/SharedAssets/Settings/Global Volume Profile.asset using Guid(ff8527d309d1d49598d1b259a43975d2) Importer(2089858483,c653a7c40615fbf8c82c05b109e42dfe) Generated GUIDs only implemented for interfaces!
 -> (artifact id: 'f0e64ca2ad90a6599ed11ab22c72d15b') in 0.159007 seconds 
========================================================================
Received Import Request.
  Time since last request: 0.000017 seconds.
  path: Assets/Samples/Universal RP/12.1.7/URP Package Samples/RendererFeatures/GlitchEffect/Glitch_Material.mat
  artifactKey: Guid(de05057ec301e4ae3a2a80094c8d4a5e) Importer(2089858483,c653a7c40615fbf8c82c05b109e42dfe)
Start importing Assets/Samples/Universal RP/12.1.7/URP Package Samples/RendererFeatures/GlitchEffect/Glitch_Material.mat using Guid(de05057ec301e4ae3a2a80094c8d4a5e) Importer(2089858483,c653a7c40615fbf8c82c05b109e42dfe) Generated GUIDs only implemented for interfaces!
 -> (artifact id: '7120b335f1747c155b3b6b51ca514666') in 0.190658 seconds 
========================================================================
Received Import Request.
  Time since last request: 0.000017 seconds.
  path: Assets/Samples/Universal RP/12.1.7/URP Package Samples/SharedAssets/Settings/SamplesPipelineAsset.asset
  artifactKey: Guid(9b9c0b62deeea4218843a7ad59325649) Importer(2089858483,c653a7c40615fbf8c82c05b109e42dfe)
Start importing Assets/Samples/Universal RP/12.1.7/URP Package Samples/SharedAssets/Settings/SamplesPipelineAsset.asset using Guid(9b9c0b62deeea4218843a7ad59325649) Importer(2089858483,c653a7c40615fbf8c82c05b109e42dfe) Generated GUIDs only implemented for interfaces!
 -> (artifact id: 'de529e4f09c3b4778ba44b2bc4820a3c') in 0.019994 seconds 
========================================================================
Received Import Request.
  Time since last request: 0.000021 seconds.
  path: Assets/Samples/Universal RP/12.1.7/URP Package Samples/CameraStacking/3D Skybox/Scripts/SkyboxCamera.cs
  artifactKey: Guid(ec6a8ea4847174955b1c0e0e5187b438) Importer(2089858483,c653a7c40615fbf8c82c05b109e42dfe)
Start importing Assets/Samples/Universal RP/12.1.7/URP Package Samples/CameraStacking/3D Skybox/Scripts/SkyboxCamera.cs using Guid(ec6a8ea4847174955b1c0e0e5187b438) Importer(2089858483,c653a7c40615fbf8c82c05b109e42dfe) Generated GUIDs only implemented for interfaces!
 -> (artifact id: '4fcb0547738833afdae015297a4b51e3') in 0.015811 seconds 
========================================================================
Received Import Request.
  Time since last request: 0.000016 seconds.
  path: Assets/Samples/Universal RP/12.1.7/URP Package Samples/CameraStacking/3D Skybox/Materials/Planet 1.mat
  artifactKey: Guid(a5cb8f46ef6d74dad945d8966c0de9d2) Importer(2089858483,c653a7c40615fbf8c82c05b109e42dfe)
Start importing Assets/Samples/Universal RP/12.1.7/URP Package Samples/CameraStacking/3D Skybox/Materials/Planet 1.mat using Guid(a5cb8f46ef6d74dad945d8966c0de9d2) Importer(2089858483,c653a7c40615fbf8c82c05b109e42dfe) Generated GUIDs only implemented for interfaces!
 -> (artifact id: 'c2ce3338ac89977b264e22ce8c0ceafa') in 0.132184 seconds 
========================================================================
Received Import Request.
  Time since last request: 0.000014 seconds.
  path: Assets/Samples/Universal RP/12.1.7/URP Package Samples/SharedAssets/Shaders/GradientRemap_Graph.shadergraph
  artifactKey: Guid(9de9072f295244522a41127c5fc9238c) Importer(2089858483,c653a7c40615fbf8c82c05b109e42dfe)
Start importing Assets/Samples/Universal RP/12.1.7/URP Package Samples/SharedAssets/Shaders/GradientRemap_Graph.shadergraph using Guid(9de9072f295244522a41127c5fc9238c) Importer(2089858483,c653a7c40615fbf8c82c05b109e42dfe) Generated GUIDs only implemented for interfaces!
 -> (artifact id: '0c63c3e389863a5afdf4cd3d0f66e269') in 0.023352 seconds 
========================================================================
Received Import Request.
  Time since last request: 0.000015 seconds.
  path: Assets/Samples/Universal RP/12.1.7/URP Package Samples/CameraStacking/3D Skybox/Shaders/SkyPlanet.shadergraph
  artifactKey: Guid(40f56175ab2214d54b4b9d869609e6e5) Importer(2089858483,c653a7c40615fbf8c82c05b109e42dfe)
Start importing Assets/Samples/Universal RP/12.1.7/URP Package Samples/CameraStacking/3D Skybox/Shaders/SkyPlanet.shadergraph using Guid(40f56175ab2214d54b4b9d869609e6e5) Importer(2089858483,c653a7c40615fbf8c82c05b109e42dfe) Generated GUIDs only implemented for interfaces!
 -> (artifact id: 'b37169f70285fec1b1e6ca2d259e1d10') in 0.018256 seconds 
========================================================================
Received Import Request.
  Time since last request: 0.000018 seconds.
  path: Assets/Samples/Universal RP/12.1.7/URP Package Samples/CameraStacking/3D Skybox/Materials/HighBuilding.mat
  artifactKey: Guid(da0cf493aeabf402d984cd60dba953c7) Importer(2089858483,c653a7c40615fbf8c82c05b109e42dfe)
Start importing Assets/Samples/Universal RP/12.1.7/URP Package Samples/CameraStacking/3D Skybox/Materials/HighBuilding.mat using Guid(da0cf493aeabf402d984cd60dba953c7) Importer(2089858483,c653a7c40615fbf8c82c05b109e42dfe) Generated GUIDs only implemented for interfaces!
 -> (artifact id: 'd0cef471e450f3f82068d76173d8138b') in 0.134149 seconds 
========================================================================
Received Import Request.
  Time since last request: 0.000022 seconds.
  path: Assets/ImportPackages/TextMesh Pro/Examples & Extras/Scripts/TMP_TextEventCheck.cs
  artifactKey: Guid(d736ce056cf444ca96e424f4d9c42b76) Importer(2089858483,c653a7c40615fbf8c82c05b109e42dfe)
Start importing Assets/ImportPackages/TextMesh Pro/Examples & Extras/Scripts/TMP_TextEventCheck.cs using Guid(d736ce056cf444ca96e424f4d9c42b76) Importer(2089858483,c653a7c40615fbf8c82c05b109e42dfe) Generated GUIDs only implemented for interfaces!
 -> (artifact id: '58d02540598ca809ceff9eb7c9ab5032') in 0.010955 seconds 
========================================================================
Received Import Request.
  Time since last request: 0.000015 seconds.
  path: Assets/ImportPackages/TextMesh Pro/Examples & Extras/Scripts/TextMeshProFloatingText.cs
  artifactKey: Guid(a4d4c76e63944cba8c7d00f56334b98c) Importer(2089858483,c653a7c40615fbf8c82c05b109e42dfe)
Start importing Assets/ImportPackages/TextMesh Pro/Examples & Extras/Scripts/TextMeshProFloatingText.cs using Guid(a4d4c76e63944cba8c7d00f56334b98c) Importer(2089858483,c653a7c40615fbf8c82c05b109e42dfe) Generated GUIDs only implemented for interfaces!
 -> (artifact id: 'f0ae26c2c1e19c8a67cdf825b9e17b8a') in 0.010910 seconds 
========================================================================
Received Import Request.
  Time since last request: 0.000014 seconds.
  path: Assets/ImportPackages/TextMesh Pro/Shaders/TMP_SDF-Mobile.shader
  artifactKey: Guid(fe393ace9b354375a9cb14cdbbc28be4) Importer(2089858483,c653a7c40615fbf8c82c05b109e42dfe)
Start importing Assets/ImportPackages/TextMesh Pro/Shaders/TMP_SDF-Mobile.shader using Guid(fe393ace9b354375a9cb14cdbbc28be4) Importer(2089858483,c653a7c40615fbf8c82c05b109e42dfe) Generated GUIDs only implemented for interfaces!
 -> (artifact id: '8fe72aa09865dde8b5bfdeea0d09f8a8') in 0.012806 seconds 
========================================================================
Received Import Request.
  Time since last request: 0.000016 seconds.
  path: Assets/Samples/Shader Graph/12.1.7/Procedural Patterns/Dots.shadersubgraph
  artifactKey: Guid(c5c7000f861f300458b9a07bbecac164) Importer(2089858483,c653a7c40615fbf8c82c05b109e42dfe)
Start importing Assets/Samples/Shader Graph/12.1.7/Procedural Patterns/Dots.shadersubgraph using Guid(c5c7000f861f300458b9a07bbecac164) Importer(2089858483,c653a7c40615fbf8c82c05b109e42dfe) Generated GUIDs only implemented for interfaces!
 -> (artifact id: 'cf7414c742f97327e89fd9dac523311d') in 0.013454 seconds 
========================================================================
Received Import Request.
  Time since last request: 0.000018 seconds.
  path: Assets/ImportPackages/TextMesh Pro/Examples & Extras/Scripts/VertexZoom.cs
  artifactKey: Guid(52ec835d14bd486f900952b77698b7eb) Importer(2089858483,c653a7c40615fbf8c82c05b109e42dfe)
Start importing Assets/ImportPackages/TextMesh Pro/Examples & Extras/Scripts/VertexZoom.cs using Guid(52ec835d14bd486f900952b77698b7eb) Importer(2089858483,c653a7c40615fbf8c82c05b109e42dfe) Generated GUIDs only implemented for interfaces!
 -> (artifact id: '62e3dabe748b1a0f69fe5de257f6e6c6') in 0.006540 seconds 
========================================================================
Received Import Request.
  Time since last request: 0.000014 seconds.
  path: Assets/Samples/Universal RP/12.1.7/URP Package Samples/RendererFeatures/AmbientOcclusion/AmbientOcclusion/LightingData.asset
  artifactKey: Guid(76fba1e8cc580406ba338f6526881281) Importer(2089858483,c653a7c40615fbf8c82c05b109e42dfe)
Start importing Assets/Samples/Universal RP/12.1.7/URP Package Samples/RendererFeatures/AmbientOcclusion/AmbientOcclusion/LightingData.asset using Guid(76fba1e8cc580406ba338f6526881281) Importer(2089858483,c653a7c40615fbf8c82c05b109e42dfe) Lighting data asset ‘LightingData’ is incompatible with the current Unity version because the scene it was baked for was not serialized. Please use Generate Lighting to rebuild the lighting data, or assign the target scene to the Lighting Data Asset in the inspector.
UnityEngine.StackTraceUtility:ExtractStackTrace ()
UnityEditor.Search.AssetIndexer:IndexProperties (int&,string&,bool&)
UnityEditor.Search.AssetIndexer:IndexDocument (string,bool)
UnityEditor.Search.SearchIndexEntryImporter:OnImportAsset (UnityEditor.AssetImporters.AssetImportContext)
UnityEditor.AssetImporters.ScriptedImporter:GenerateAssetData (UnityEditor.AssetImporters.AssetImportContext)

[C:\buildslave\unity\build\Editor\Src\GI\Enlighten\LightingDataAsset.cpp line 413]

Generated GUIDs only implemented for interfaces!
 -> (artifact id: 'd2f61154087964f8d6006eac0b7c2a9e') in 0.009307 seconds 
========================================================================
Received Import Request.
  Time since last request: 0.000014 seconds.
  path: Assets/Samples/Universal RP/12.1.7/URP Package Samples/RendererFeatures/OcclusionEffect/OcclusionEffect/ReflectionProbe-0.exr
  artifactKey: Guid(54b67fbf7614d4f7283098237f6a16c2) Importer(2089858483,c653a7c40615fbf8c82c05b109e42dfe)
Start importing Assets/Samples/Universal RP/12.1.7/URP Package Samples/RendererFeatures/OcclusionEffect/OcclusionEffect/ReflectionProbe-0.exr using Guid(54b67fbf7614d4f7283098237f6a16c2) Importer(2089858483,c653a7c40615fbf8c82c05b109e42dfe) Generated GUIDs only implemented for interfaces!
 -> (artifact id: 'e9d1a5211e2eb25ba7f080259943bcb8') in 0.027198 seconds 
========================================================================
Received Import Request.
  Time since last request: 0.000017 seconds.
  path: Assets/Samples/Universal RP/12.1.7/URP Package Samples/Decals/BlobShadow/Animation/BlobShadowAnimation.anim
  artifactKey: Guid(ecfc880814a8145eaa0d67e4320ba3ca) Importer(2089858483,c653a7c40615fbf8c82c05b109e42dfe)
Start importing Assets/Samples/Universal RP/12.1.7/URP Package Samples/Decals/BlobShadow/Animation/BlobShadowAnimation.anim using Guid(ecfc880814a8145eaa0d67e4320ba3ca) Importer(2089858483,c653a7c40615fbf8c82c05b109e42dfe) Generated GUIDs only implemented for interfaces!
 -> (artifact id: 'cac08b2400427cff52a941546ed70fa6') in 0.012418 seconds 
========================================================================
Received Import Request.
  Time since last request: 0.000013 seconds.
  path: Assets/Samples/Universal RP/12.1.7/URP Package Samples/RendererFeatures/AmbientOcclusion/Animation/SSAO.anim
  artifactKey: Guid(ad4a11b7144c340c7ae596cb27250360) Importer(2089858483,c653a7c40615fbf8c82c05b109e42dfe)
Start importing Assets/Samples/Universal RP/12.1.7/URP Package Samples/RendererFeatures/AmbientOcclusion/Animation/SSAO.anim using Guid(ad4a11b7144c340c7ae596cb27250360) Importer(2089858483,c653a7c40615fbf8c82c05b109e42dfe) Generated GUIDs only implemented for interfaces!
 -> (artifact id: 'adffd3d34f3f53cf9d4d27bd53fa89c5') in 0.009414 seconds 
========================================================================
Received Import Request.
  Time since last request: 0.000015 seconds.
  path: Assets/Samples/Universal RP/12.1.7/URP Package Samples/Shaders/Lit/Lit/ReflectionProbe-1.exr
  artifactKey: Guid(50d78c91087e548918d803dfadd427f3) Importer(2089858483,c653a7c40615fbf8c82c05b109e42dfe)
Start importing Assets/Samples/Universal RP/12.1.7/URP Package Samples/Shaders/Lit/Lit/ReflectionProbe-1.exr using Guid(50d78c91087e548918d803dfadd427f3) Importer(2089858483,c653a7c40615fbf8c82c05b109e42dfe) Generated GUIDs only implemented for interfaces!
 -> (artifact id: 'd9f7b03a5aaaad3b3df74fabaea86d5c') in 0.012646 seconds 
========================================================================
Received Import Request.
  Time since last request: 0.000011 seconds.
  path: Assets/Samples/Universal RP/12.1.7/URP Package Samples/Decals/ProxyLighting/Materials/Spotlight.mat
  artifactKey: Guid(24ad359a3a8084d74b56692a82a2ac12) Importer(2089858483,c653a7c40615fbf8c82c05b109e42dfe)
Start importing Assets/Samples/Universal RP/12.1.7/URP Package Samples/Decals/ProxyLighting/Materials/Spotlight.mat using Guid(24ad359a3a8084d74b56692a82a2ac12) Importer(2089858483,c653a7c40615fbf8c82c05b109e42dfe) Generated GUIDs only implemented for interfaces!
 -> (artifact id: '1e6282e7aa95a9c3ef82d459e39b62f0') in 0.014294 seconds 
========================================================================
Received Import Request.
  Time since last request: 0.000016 seconds.
  path: Assets/Samples/Universal RP/12.1.7/URP Package Samples/RendererFeatures/OcclusionEffect/OcclusionEffect/LightingData.asset
  artifactKey: Guid(f2231d3127f464d509bddaf4c16b7a75) Importer(2089858483,c653a7c40615fbf8c82c05b109e42dfe)
Start importing Assets/Samples/Universal RP/12.1.7/URP Package Samples/RendererFeatures/OcclusionEffect/OcclusionEffect/LightingData.asset using Guid(f2231d3127f464d509bddaf4c16b7a75) Importer(2089858483,c653a7c40615fbf8c82c05b109e42dfe) Generated GUIDs only implemented for interfaces!
 -> (artifact id: 'c1ab68dd1428b3fc0aabe0fe270e4101') in 0.009511 seconds 
========================================================================
Received Import Request.
  Time since last request: 0.000015 seconds.
  path: Assets/Samples/Universal RP/12.1.7/URP Package Samples/Decals/PaintSplat/PaintSplat/ReflectionProbe-0.exr
  artifactKey: Guid(edced805fb57e422386a4f16214690d6) Importer(2089858483,c653a7c40615fbf8c82c05b109e42dfe)
Start importing Assets/Samples/Universal RP/12.1.7/URP Package Samples/Decals/PaintSplat/PaintSplat/ReflectionProbe-0.exr using Guid(edced805fb57e422386a4f16214690d6) Importer(2089858483,c653a7c40615fbf8c82c05b109e42dfe) Generated GUIDs only implemented for interfaces!
 -> (artifact id: 'b40affc6abb473ae26dcefef84165b8d') in 0.014209 seconds 
========================================================================
Received Import Request.
  Time since last request: 0.000014 seconds.
  path: Assets/Samples/Universal RP/12.1.7/URP Package Samples/Decals/BlobShadow/BlobShadow/ReflectionProbe-0.exr
  artifactKey: Guid(8f2ff57d29a6c4acb8747eea5bd4c66c) Importer(2089858483,c653a7c40615fbf8c82c05b109e42dfe)
Start importing Assets/Samples/Universal RP/12.1.7/URP Package Samples/Decals/BlobShadow/BlobShadow/ReflectionProbe-0.exr using Guid(8f2ff57d29a6c4acb8747eea5bd4c66c) Importer(2089858483,c653a7c40615fbf8c82c05b109e42dfe) Generated GUIDs only implemented for interfaces!
 -> (artifact id: '05fd56b371a704059d1c76836e287db7') in 0.013391 seconds 
========================================================================
Received Import Request.
  Time since last request: 0.000018 seconds.
  path: Assets/Samples/Universal RP/12.1.7/URP Package Samples/RendererFeatures/TrailEffect/Shaders/DepthColor_graph.shadergraph
  artifactKey: Guid(bdbefbcd216cf4561baafa019bbd3933) Importer(2089858483,c653a7c40615fbf8c82c05b109e42dfe)
Start importing Assets/Samples/Universal RP/12.1.7/URP Package Samples/RendererFeatures/TrailEffect/Shaders/DepthColor_graph.shadergraph using Guid(bdbefbcd216cf4561baafa019bbd3933) Importer(2089858483,c653a7c40615fbf8c82c05b109e42dfe) Generated GUIDs only implemented for interfaces!
 -> (artifact id: '710d33051fc8807b4f79030d00e7a9cd') in 0.019723 seconds 
========================================================================
Received Import Request.
  Time since last request: 0.000019 seconds.
  path: Assets/Samples/Universal RP/12.1.7/URP Package Samples/RendererFeatures/OcclusionEffect/Animation/MovinigCube.controller
  artifactKey: Guid(3ad30d727577b44d3bf74963a1f9c56f) Importer(2089858483,c653a7c40615fbf8c82c05b109e42dfe)
Start importing Assets/Samples/Universal RP/12.1.7/URP Package Samples/RendererFeatures/OcclusionEffect/Animation/MovinigCube.controller using Guid(3ad30d727577b44d3bf74963a1f9c56f) Importer(2089858483,c653a7c40615fbf8c82c05b109e42dfe) Generated GUIDs only implemented for interfaces!
 -> (artifact id: '26881463e68c65897129d110c31d18c4') in 0.012855 seconds 
========================================================================
Received Import Request.
  Time since last request: 0.000016 seconds.
  path: Assets/Samples/Universal RP/12.1.7/URP Package Samples/Shaders/Lit/Lit/LitLighting.lighting
  artifactKey: Guid(cce5fc22d530544e9baddea9febf9776) Importer(2089858483,c653a7c40615fbf8c82c05b109e42dfe)
Start importing Assets/Samples/Universal RP/12.1.7/URP Package Samples/Shaders/Lit/Lit/LitLighting.lighting using Guid(cce5fc22d530544e9baddea9febf9776) Importer(2089858483,c653a7c40615fbf8c82c05b109e42dfe) Generated GUIDs only implemented for interfaces!
 -> (artifact id: '0554ef15999016fd3804d413e4ebcd08') in 0.017165 seconds 
========================================================================
Received Import Request.
  Time since last request: 0.000014 seconds.
  path: Assets/Samples/Universal RP/12.1.7/URP Package Samples/Decals/ProxyLighting/ProxyLighting.unity
  artifactKey: Guid(659563019daea4e96a00a9c2b3861a95) Importer(2089858483,c653a7c40615fbf8c82c05b109e42dfe)
Start importing Assets/Samples/Universal RP/12.1.7/URP Package Samples/Decals/ProxyLighting/ProxyLighting.unity using Guid(659563019daea4e96a00a9c2b3861a95) Importer(2089858483,c653a7c40615fbf8c82c05b109e42dfe) Opening scene 'Assets/Samples/Universal RP/12.1.7/URP Package Samples/Decals/ProxyLighting/ProxyLighting.unity additively'
Loaded scene 'Assets/Samples/Universal RP/12.1.7/URP Package Samples/Decals/ProxyLighting/ProxyLighting.unity'
	Deserialize:            9.443 ms
	Integration:            35.669 ms
	Integration of assets:  8.976 ms
	Thread Wait Time:       0.348 ms
	Total Operation Time:   54.435 ms
Generated GUIDs only implemented for interfaces!
 -> (artifact id: 'dc6108ce94d4911e46e33fb98adb68fa') in 0.181741 seconds 
========================================================================
Received Import Request.
  Time since last request: 0.000020 seconds.
  path: Assets/Samples/Universal RP/12.1.7/URP Package Samples/Decals/BlobShadow/BlobShadow/LightingData.asset
  artifactKey: Guid(1adde1a579d23483b9cea80a3aee863e) Importer(2089858483,c653a7c40615fbf8c82c05b109e42dfe)
Start importing Assets/Samples/Universal RP/12.1.7/URP Package Samples/Decals/BlobShadow/BlobShadow/LightingData.asset using Guid(1adde1a579d23483b9cea80a3aee863e) Importer(2089858483,c653a7c40615fbf8c82c05b109e42dfe) Generated GUIDs only implemented for interfaces!
 -> (artifact id: '9d8165bd1a41c2bfeb11faced35486a7') in 0.007622 seconds 
========================================================================
Received Import Request.
  Time since last request: 0.000020 seconds.
  path: Assets/Samples/Universal RP/12.1.7/URP Package Samples/CameraStacking/MixedFOV/MixedFOV/ReflectionProbe-0.exr
  artifactKey: Guid(14b55fb54511d449590af36005b75716) Importer(2089858483,c653a7c40615fbf8c82c05b109e42dfe)
Start importing Assets/Samples/Universal RP/12.1.7/URP Package Samples/CameraStacking/MixedFOV/MixedFOV/ReflectionProbe-0.exr using Guid(14b55fb54511d449590af36005b75716) Importer(2089858483,c653a7c40615fbf8c82c05b109e42dfe) Generated GUIDs only implemented for interfaces!
 -> (artifact id: '6627dcd490db4a92605040c576700742') in 0.013300 seconds 
========================================================================
Received Import Request.
  Time since last request: 0.000015 seconds.
  path: Assets/ImportPackages/TextMesh Pro/Examples & Extras/Textures/Floor Cement.jpg
  artifactKey: Guid(283f897e4925411ebbaa758b4cb13fc2) Importer(2089858483,c653a7c40615fbf8c82c05b109e42dfe)
Start importing Assets/ImportPackages/TextMesh Pro/Examples & Extras/Textures/Floor Cement.jpg using Guid(283f897e4925411ebbaa758b4cb13fc2) Importer(2089858483,c653a7c40615fbf8c82c05b109e42dfe) Generated GUIDs only implemented for interfaces!
 -> (artifact id: '453daca5f520534fd598e24b6ef22540') in 0.058277 seconds 
========================================================================
Received Import Request.
  Time since last request: 0.000020 seconds.
  path: Assets/ImportPackages/TextMesh Pro/Examples & Extras/Resources/Color Gradient Presets/Light to Dark Green - Vertical.asset
  artifactKey: Guid(5cf8ae092ca54931b443bec5148f3c59) Importer(2089858483,c653a7c40615fbf8c82c05b109e42dfe)
Start importing Assets/ImportPackages/TextMesh Pro/Examples & Extras/Resources/Color Gradient Presets/Light to Dark Green - Vertical.asset using Guid(5cf8ae092ca54931b443bec5148f3c59) Importer(2089858483,c653a7c40615fbf8c82c05b109e42dfe) Generated GUIDs only implemented for interfaces!
 -> (artifact id: '18580152ff390ba73cc9067397054892') in 0.010349 seconds 
========================================================================
Received Import Request.
  Time since last request: 0.000017 seconds.
  path: Assets/Prefabs/GameManager.prefab
  artifactKey: Guid(89309bde488f8c94faf8dfd3c008ee14) Importer(2089858483,c653a7c40615fbf8c82c05b109e42dfe)
Start importing Assets/Prefabs/GameManager.prefab using Guid(89309bde488f8c94faf8dfd3c008ee14) Importer(2089858483,c653a7c40615fbf8c82c05b109e42dfe) Generated GUIDs only implemented for interfaces!
 -> (artifact id: '07a1ff541779b43b463ddb10e57fdbe2') in 0.013858 seconds 
========================================================================
Received Import Request.
  Time since last request: 0.000014 seconds.
  path: Assets/Samples/Universal RP/12.1.7/URP Package Samples/Shaders/Lit/Textures/Coins_Emission.png
  artifactKey: Guid(cf0d2fe215a8b47b0bccff3401e2e62c) Importer(2089858483,c653a7c40615fbf8c82c05b109e42dfe)
Start importing Assets/Samples/Universal RP/12.1.7/URP Package Samples/Shaders/Lit/Textures/Coins_Emission.png using Guid(cf0d2fe215a8b47b0bccff3401e2e62c) Importer(2089858483,c653a7c40615fbf8c82c05b109e42dfe) Generated GUIDs only implemented for interfaces!
 -> (artifact id: '5503c7c367dde19b0e9428e050a12246') in 0.015673 seconds 
========================================================================
Received Import Request.
  Time since last request: 0.000013 seconds.
  path: Assets/Samples/Universal RP/12.1.7/URP Package Samples/Shaders/Lit/Textures/Coins_Metallic.png
  artifactKey: Guid(99788167ab72747b18d1af46e93de3d1) Importer(2089858483,c653a7c40615fbf8c82c05b109e42dfe)
Start importing Assets/Samples/Universal RP/12.1.7/URP Package Samples/Shaders/Lit/Textures/Coins_Metallic.png using Guid(99788167ab72747b18d1af46e93de3d1) Importer(2089858483,c653a7c40615fbf8c82c05b109e42dfe) Generated GUIDs only implemented for interfaces!
 -> (artifact id: '728a18cab540113bfcf1929a541b943b') in 0.012788 seconds 
========================================================================
Received Import Request.
  Time since last request: 0.000016 seconds.
  path: Assets/Samples/Universal RP/12.1.7/URP Package Samples/Shaders/Lit/Materials/EmissionOn.mat
  artifactKey: Guid(c2809691a61fc4a43b6483eee535d786) Importer(2089858483,c653a7c40615fbf8c82c05b109e42dfe)
Start importing Assets/Samples/Universal RP/12.1.7/URP Package Samples/Shaders/Lit/Materials/EmissionOn.mat using Guid(c2809691a61fc4a43b6483eee535d786) Importer(2089858483,c653a7c40615fbf8c82c05b109e42dfe) Generated GUIDs only implemented for interfaces!
 -> (artifact id: '1334d5e9fce596c1e62b3a5a483b568d') in 0.039475 seconds 
========================================================================
Received Import Request.
  Time since last request: 0.000023 seconds.
  path: Assets/Samples/Universal RP/12.1.7/URP Package Samples/Shaders/Lit/Materials/NormalMapOn.mat
  artifactKey: Guid(3e1368ee81423418da8a693099ce68c0) Importer(2089858483,c653a7c40615fbf8c82c05b109e42dfe)
Start importing Assets/Samples/Universal RP/12.1.7/URP Package Samples/Shaders/Lit/Materials/NormalMapOn.mat using Guid(3e1368ee81423418da8a693099ce68c0) Importer(2089858483,c653a7c40615fbf8c82c05b109e42dfe) Generated GUIDs only implemented for interfaces!
 -> (artifact id: '80f445e959f81f01a040913c58408c86') in 0.012524 seconds 
========================================================================
Received Import Request.
  Time since last request: 0.000016 seconds.
  path: Assets/Samples/Universal RP/12.1.7/URP Package Samples/Shaders/Lit/Materials/WithoutNormalMap.mat
  artifactKey: Guid(92b3aa099ecb9483381c91aba9894aad) Importer(2089858483,c653a7c40615fbf8c82c05b109e42dfe)
Start importing Assets/Samples/Universal RP/12.1.7/URP Package Samples/Shaders/Lit/Materials/WithoutNormalMap.mat using Guid(92b3aa099ecb9483381c91aba9894aad) Importer(2089858483,c653a7c40615fbf8c82c05b109e42dfe) Generated GUIDs only implemented for interfaces!
 -> (artifact id: '4e34a785ffbe198a8ad5ef824353b303') in 0.010096 seconds 
========================================================================
Received Import Request.
  Time since last request: 0.000025 seconds.
  path: Assets/Samples/Universal RP/12.1.7/URP Package Samples/Shaders/Lit/Textures/Coins_Height.png
  artifactKey: Guid(dea05996c7d584501989f6093ea6a978) Importer(2089858483,c653a7c40615fbf8c82c05b109e42dfe)
Start importing Assets/Samples/Universal RP/12.1.7/URP Package Samples/Shaders/Lit/Textures/Coins_Height.png using Guid(dea05996c7d584501989f6093ea6a978) Importer(2089858483,c653a7c40615fbf8c82c05b109e42dfe) Generated GUIDs only implemented for interfaces!
 -> (artifact id: 'ccdcbf7952065d168b49a1b604011925') in 0.012836 seconds 
========================================================================
Received Import Request.
  Time since last request: 0.000016 seconds.
  path: Assets/Samples/Universal RP/12.1.7/URP Package Samples/Shaders/Lit/Prefabs/4Podium.prefab
  artifactKey: Guid(f6c633bbe2d20466fb1f016e0dd1f6cd) Importer(2089858483,c653a7c40615fbf8c82c05b109e42dfe)
Start importing Assets/Samples/Universal RP/12.1.7/URP Package Samples/Shaders/Lit/Prefabs/4Podium.prefab using Guid(f6c633bbe2d20466fb1f016e0dd1f6cd) Importer(2089858483,c653a7c40615fbf8c82c05b109e42dfe) Generated GUIDs only implemented for interfaces!
 -> (artifact id: 'e2c8e746fed9236ad401e96200215e65') in 0.050780 seconds 
========================================================================
Received Import Request.
  Time since last request: 0.000020 seconds.
  path: Assets/Samples/Universal RP/12.1.7/URP Package Samples/Shaders/Lit/Textures/Coins_Occlusion.png
  artifactKey: Guid(ea730d7ab169b4037bd50086a5bbfd61) Importer(2089858483,c653a7c40615fbf8c82c05b109e42dfe)
Start importing Assets/Samples/Universal RP/12.1.7/URP Package Samples/Shaders/Lit/Textures/Coins_Occlusion.png using Guid(ea730d7ab169b4037bd50086a5bbfd61) Importer(2089858483,c653a7c40615fbf8c82c05b109e42dfe) Generated GUIDs only implemented for interfaces!
 -> (artifact id: 'e542de25208a40a18e29ac9e6601f72a') in 0.011870 seconds 
========================================================================
Received Import Request.
  Time since last request: 0.000016 seconds.
  path: Assets/Data/PlayerData.txt
  artifactKey: Guid(169666f4fd6626941963da91f520d5ac) Importer(2089858483,c653a7c40615fbf8c82c05b109e42dfe)
Start importing Assets/Data/PlayerData.txt using Guid(169666f4fd6626941963da91f520d5ac) Importer(2089858483,c653a7c40615fbf8c82c05b109e42dfe) Generated GUIDs only implemented for interfaces!
 -> (artifact id: '9870f5a5ab532b25da0526f35ae317cd') in 0.012010 seconds 
========================================================================
Received Import Request.
  Time since last request: 0.000018 seconds.
  path: Assets/ImportPackages/TextMesh Pro/Examples & Extras/Fonts/Bangers.ttf
  artifactKey: Guid(5dd49b3eacc540408c98eee0de38e0f1) Importer(2089858483,c653a7c40615fbf8c82c05b109e42dfe)
Start importing Assets/ImportPackages/TextMesh Pro/Examples & Extras/Fonts/Bangers.ttf using Guid(5dd49b3eacc540408c98eee0de38e0f1) Importer(2089858483,c653a7c40615fbf8c82c05b109e42dfe) Generated GUIDs only implemented for interfaces!
 -> (artifact id: 'a47a15f3473c7cacac60137934c548c3') in 0.020061 seconds 
========================================================================
Received Import Request.
  Time since last request: 0.000017 seconds.
  path: Assets/Samples/Universal RP/12.1.7/URP Package Samples/LensFlares/LensFlarePresets/Anamorphic_Streak.asset
  artifactKey: Guid(f8c53972784cf40f0b584875ae5f944b) Importer(2089858483,c653a7c40615fbf8c82c05b109e42dfe)
Start importing Assets/Samples/Universal RP/12.1.7/URP Package Samples/LensFlares/LensFlarePresets/Anamorphic_Streak.asset using Guid(f8c53972784cf40f0b584875ae5f944b) Importer(2089858483,c653a7c40615fbf8c82c05b109e42dfe) Generated GUIDs only implemented for interfaces!
 -> (artifact id: 'af051e7ecf2241fdfaeb56f56804ffc7') in 0.012622 seconds 
========================================================================
Received Import Request.
  Time since last request: 0.000018 seconds.
  path: Assets/Samples/Universal RP/12.1.7/URP Package Samples/RendererFeatures/KeepFrame/KeepFramePipeline.asset
  artifactKey: Guid(9e90e7d93ed9c4550a1d96cbef288bbd) Importer(2089858483,c653a7c40615fbf8c82c05b109e42dfe)
Start importing Assets/Samples/Universal RP/12.1.7/URP Package Samples/RendererFeatures/KeepFrame/KeepFramePipeline.asset using Guid(9e90e7d93ed9c4550a1d96cbef288bbd) Importer(2089858483,c653a7c40615fbf8c82c05b109e42dfe) Generated GUIDs only implemented for interfaces!
 -> (artifact id: '58d259cce05548edff45c1feca7936e0') in 0.015528 seconds 
========================================================================
Received Import Request.
  Time since last request: 0.000015 seconds.
  path: Assets/ImportPackages/TextMesh Pro/Shaders/TMP_SDF-Surface.shader
  artifactKey: Guid(f7ada0af4f174f0694ca6a487b8f543d) Importer(2089858483,c653a7c40615fbf8c82c05b109e42dfe)
Start importing Assets/ImportPackages/TextMesh Pro/Shaders/TMP_SDF-Surface.shader using Guid(f7ada0af4f174f0694ca6a487b8f543d) Importer(2089858483,c653a7c40615fbf8c82c05b109e42dfe) Generated GUIDs only implemented for interfaces!
 -> (artifact id: '9fc788b865af57823a94249131eb5849') in 0.011355 seconds 
========================================================================
Received Import Request.
  Time since last request: 0.000015 seconds.
  path: Assets/New Universal Render Pipeline Asset.asset
  artifactKey: Guid(d6419595c2465cb43b25df80ed3abc8c) Importer(2089858483,c653a7c40615fbf8c82c05b109e42dfe)
Start importing Assets/New Universal Render Pipeline Asset.asset using Guid(d6419595c2465cb43b25df80ed3abc8c) Importer(2089858483,c653a7c40615fbf8c82c05b109e42dfe) Generated GUIDs only implemented for interfaces!
 -> (artifact id: '4dd84e772798328a9b8de8d9ad8a27eb') in 0.013456 seconds 
========================================================================
Received Import Request.
  Time since last request: 0.000017 seconds.
  path: Assets/ImportPackages/TextMesh Pro/Examples & Extras/Resources/Fonts & Materials/Bangers SDF - Drop Shadow.mat
  artifactKey: Guid(f2dcf029949142e28b974630369c8b4e) Importer(2089858483,c653a7c40615fbf8c82c05b109e42dfe)
Start importing Assets/ImportPackages/TextMesh Pro/Examples & Extras/Resources/Fonts & Materials/Bangers SDF - Drop Shadow.mat using Guid(f2dcf029949142e28b974630369c8b4e) Importer(2089858483,c653a7c40615fbf8c82c05b109e42dfe) Generated GUIDs only implemented for interfaces!
 -> (artifact id: 'fdba20105fb130013c67982cbe55ac57') in 0.023612 seconds 
========================================================================
Received Import Request.
  Time since last request: 0.000019 seconds.
  path: Assets/ImportPackages/TextMesh Pro/Examples & Extras/Scripts/TMP_TextInfoDebugTool.cs
  artifactKey: Guid(21256c5b62f346f18640dad779911e20) Importer(2089858483,c653a7c40615fbf8c82c05b109e42dfe)
Start importing Assets/ImportPackages/TextMesh Pro/Examples & Extras/Scripts/TMP_TextInfoDebugTool.cs using Guid(21256c5b62f346f18640dad779911e20) Importer(2089858483,c653a7c40615fbf8c82c05b109e42dfe) Generated GUIDs only implemented for interfaces!
 -> (artifact id: 'c81a54cffdaccbccf04537106c03ff4b') in 0.006950 seconds 
========================================================================
Received Import Request.
  Time since last request: 0.000023 seconds.
  path: Assets/Materials/Gun_2.mat
  artifactKey: Guid(f027884660ec1474186c272847579aaf) Importer(2089858483,c653a7c40615fbf8c82c05b109e42dfe)
Start importing Assets/Materials/Gun_2.mat using Guid(f027884660ec1474186c272847579aaf) Importer(2089858483,c653a7c40615fbf8c82c05b109e42dfe) Generated GUIDs only implemented for interfaces!
 -> (artifact id: '05886f95188d3ac0640795e3267405b0') in 0.009868 seconds 
========================================================================
Received Import Request.
  Time since last request: 0.000014 seconds.
  path: Assets/Scripts/UI_Manager.cs
  artifactKey: Guid(138deeb31cb9fbc4889497a045d8dc93) Importer(2089858483,c653a7c40615fbf8c82c05b109e42dfe)
Start importing Assets/Scripts/UI_Manager.cs using Guid(138deeb31cb9fbc4889497a045d8dc93) Importer(2089858483,c653a7c40615fbf8c82c05b109e42dfe) Generated GUIDs only implemented for interfaces!
 -> (artifact id: '219a75e14e53b71a5cd851f4dacf1b1f') in 0.007406 seconds 
========================================================================
Received Prepare
Refreshing native plugins compatible for Editor in 9.96 ms, found 2 plugins.
Preloading 0 native plugins for Editor in 0.00 ms.
Unloading 28 Unused Serialized files (Serialized files now loaded: 0)
Unloading 28 unused Assets / (0.8 MB). Loaded Objects now: 4560.
Memory consumption went from 98.9 MB to 98.1 MB.
Total: 5.737200 ms (FindLiveObjects: 0.356000 ms CreateObjectMapping: 0.194900 ms MarkObjects: 4.648300 ms  DeleteObjects: 0.537300 ms)

AssetImportParameters requested are different than current active one (requested -> active):
  custom:video-decoder-ogg-theora: a1e56fd34408186e4bbccfd4996cb3dc -> 
  custom:container-muxer-webm: aa71ff27fc2769a1b78a27578f13a17b -> 
  custom:container-demuxer-webm: 4f35f7cbe854078d1ac9338744f61a02 -> 
  custom:video-encoder-webm-vp8: eb34c28f22e8b96e1ab97ce403110664 -> 
  custom:audio-encoder-webm-vorbis: bf7c407c2cedff20999df2af8eb42d56 -> 
  custom:framework-win-MediaFoundation: 216162199b28c13a410421893ffa2e32 -> 
  custom:SearchIndexIgnoredProperties: e643bd26f0fe6173181afceb89e7c659 -> 
  custom:container-demuxer-ogg: 62fdf1f143b41e24485cea50d1cbac27 -> 
  custom:video-decoder-webm-vp8: 9c59270c3fd7afecdb556c50c9e8de78 -> 
  custom:audio-decoder-ogg-vorbis: bf7c407c2cedff20999df2af8eb42d56 -> 
========================================================================
Received Prepare
Refreshing native plugins compatible for Editor in 10.26 ms, found 2 plugins.
Preloading 0 native plugins for Editor in 0.00 ms.
Unloading 27 Unused Serialized files (Serialized files now loaded: 0)
Unloading 27 unused Assets / (0.8 MB). Loaded Objects now: 4560.
Memory consumption went from 98.7 MB to 97.9 MB.
Total: 6.001700 ms (FindLiveObjects: 0.357700 ms CreateObjectMapping: 0.093800 ms MarkObjects: 5.001100 ms  DeleteObjects: 0.548300 ms)

AssetImportParameters requested are different than current active one (requested -> active):
  custom:video-decoder-ogg-theora: a1e56fd34408186e4bbccfd4996cb3dc -> 
  custom:container-muxer-webm: aa71ff27fc2769a1b78a27578f13a17b -> 
  custom:container-demuxer-webm: 4f35f7cbe854078d1ac9338744f61a02 -> 
  custom:video-encoder-webm-vp8: eb34c28f22e8b96e1ab97ce403110664 -> 
  custom:audio-encoder-webm-vorbis: bf7c407c2cedff20999df2af8eb42d56 -> 
  custom:framework-win-MediaFoundation: 216162199b28c13a410421893ffa2e32 -> 
  custom:SearchIndexIgnoredProperties: e643bd26f0fe6173181afceb89e7c659 -> 
  custom:container-demuxer-ogg: 62fdf1f143b41e24485cea50d1cbac27 -> 
  custom:video-decoder-webm-vp8: 9c59270c3fd7afecdb556c50c9e8de78 -> 
  custom:audio-decoder-ogg-vorbis: bf7c407c2cedff20999df2af8eb42d56 -> 
========================================================================
Received Prepare
Refreshing native plugins compatible for Editor in 11.24 ms, found 2 plugins.
Preloading 0 native plugins for Editor in 0.00 ms.
Unloading 27 Unused Serialized files (Serialized files now loaded: 0)
Unloading 25 unused Assets / (0.8 MB). Loaded Objects now: 4562.
Memory consumption went from 98.7 MB to 97.9 MB.
Total: 5.904100 ms (FindLiveObjects: 0.436800 ms CreateObjectMapping: 0.263300 ms MarkObjects: 4.785000 ms  DeleteObjects: 0.418200 ms)

AssetImportParameters requested are different than current active one (requested -> active):
  custom:video-decoder-ogg-theora: a1e56fd34408186e4bbccfd4996cb3dc -> 
  custom:container-muxer-webm: aa71ff27fc2769a1b78a27578f13a17b -> 
  custom:container-demuxer-webm: 4f35f7cbe854078d1ac9338744f61a02 -> 
  custom:video-encoder-webm-vp8: eb34c28f22e8b96e1ab97ce403110664 -> 
  custom:audio-encoder-webm-vorbis: bf7c407c2cedff20999df2af8eb42d56 -> 
  custom:framework-win-MediaFoundation: 216162199b28c13a410421893ffa2e32 -> 
  custom:SearchIndexIgnoredProperties: e643bd26f0fe6173181afceb89e7c659 -> 
  custom:container-demuxer-ogg: 62fdf1f143b41e24485cea50d1cbac27 -> 
  custom:video-decoder-webm-vp8: 9c59270c3fd7afecdb556c50c9e8de78 -> 
  custom:audio-decoder-ogg-vorbis: bf7c407c2cedff20999df2af8eb42d56 -> 
========================================================================
Received Prepare
Refreshing native plugins compatible for Editor in 9.95 ms, found 2 plugins.
Preloading 0 native plugins for Editor in 0.00 ms.
Unloading 27 Unused Serialized files (Serialized files now loaded: 0)
Unloading 27 unused Assets / (0.8 MB). Loaded Objects now: 4565.
Memory consumption went from 98.7 MB to 97.9 MB.
Total: 4.501700 ms (FindLiveObjects: 0.351500 ms CreateObjectMapping: 0.189600 ms MarkObjects: 3.585800 ms  DeleteObjects: 0.374100 ms)

AssetImportParameters requested are different than current active one (requested -> active):
  custom:video-decoder-ogg-theora: a1e56fd34408186e4bbccfd4996cb3dc -> 
  custom:container-muxer-webm: aa71ff27fc2769a1b78a27578f13a17b -> 
  custom:container-demuxer-webm: 4f35f7cbe854078d1ac9338744f61a02 -> 
  custom:video-encoder-webm-vp8: eb34c28f22e8b96e1ab97ce403110664 -> 
  custom:audio-encoder-webm-vorbis: bf7c407c2cedff20999df2af8eb42d56 -> 
  custom:framework-win-MediaFoundation: 216162199b28c13a410421893ffa2e32 -> 
  custom:SearchIndexIgnoredProperties: e643bd26f0fe6173181afceb89e7c659 -> 
  custom:container-demuxer-ogg: 62fdf1f143b41e24485cea50d1cbac27 -> 
  custom:video-decoder-webm-vp8: 9c59270c3fd7afecdb556c50c9e8de78 -> 
  custom:audio-decoder-ogg-vorbis: bf7c407c2cedff20999df2af8eb42d56 -> 
========================================================================
Received Prepare
Refreshing native plugins compatible for Editor in 9.04 ms, found 2 plugins.
Preloading 0 native plugins for Editor in 0.00 ms.
Unloading 25 Unused Serialized files (Serialized files now loaded: 0)
Unloading 29 unused Assets / (0.8 MB). Loaded Objects now: 4561.
Memory consumption went from 98.6 MB to 97.9 MB.
Total: 4.343800 ms (FindLiveObjects: 0.364300 ms CreateObjectMapping: 0.091500 ms MarkObjects: 3.552500 ms  DeleteObjects: 0.334600 ms)

AssetImportParameters requested are different than current active one (requested -> active):
  custom:video-decoder-ogg-theora: a1e56fd34408186e4bbccfd4996cb3dc -> 
  custom:container-muxer-webm: aa71ff27fc2769a1b78a27578f13a17b -> 
  custom:container-demuxer-webm: 4f35f7cbe854078d1ac9338744f61a02 -> 
  custom:video-encoder-webm-vp8: eb34c28f22e8b96e1ab97ce403110664 -> 
  custom:audio-encoder-webm-vorbis: bf7c407c2cedff20999df2af8eb42d56 -> 
  custom:framework-win-MediaFoundation: 216162199b28c13a410421893ffa2e32 -> 
  custom:SearchIndexIgnoredProperties: e643bd26f0fe6173181afceb89e7c659 -> 
  custom:container-demuxer-ogg: 62fdf1f143b41e24485cea50d1cbac27 -> 
  custom:video-decoder-webm-vp8: 9c59270c3fd7afecdb556c50c9e8de78 -> 
  custom:audio-decoder-ogg-vorbis: bf7c407c2cedff20999df2af8eb42d56 -> 
========================================================================
Received Prepare
Refreshing native plugins compatible for Editor in 9.68 ms, found 2 plugins.
Preloading 0 native plugins for Editor in 0.00 ms.
Unloading 27 Unused Serialized files (Serialized files now loaded: 0)
Unloading 25 unused Assets / (0.8 MB). Loaded Objects now: 4564.
Memory consumption went from 98.7 MB to 97.9 MB.
Total: 4.927600 ms (FindLiveObjects: 0.362500 ms CreateObjectMapping: 0.095700 ms MarkObjects: 4.077900 ms  DeleteObjects: 0.390900 ms)

AssetImportParameters requested are different than current active one (requested -> active):
  custom:video-decoder-ogg-theora: a1e56fd34408186e4bbccfd4996cb3dc -> 
  custom:container-muxer-webm: aa71ff27fc2769a1b78a27578f13a17b -> 
  custom:container-demuxer-webm: 4f35f7cbe854078d1ac9338744f61a02 -> 
  custom:video-encoder-webm-vp8: eb34c28f22e8b96e1ab97ce403110664 -> 
  custom:audio-encoder-webm-vorbis: bf7c407c2cedff20999df2af8eb42d56 -> 
  custom:framework-win-MediaFoundation: 216162199b28c13a410421893ffa2e32 -> 
  custom:SearchIndexIgnoredProperties: e643bd26f0fe6173181afceb89e7c659 -> 
  custom:container-demuxer-ogg: 62fdf1f143b41e24485cea50d1cbac27 -> 
  custom:video-decoder-webm-vp8: 9c59270c3fd7afecdb556c50c9e8de78 -> 
  custom:audio-decoder-ogg-vorbis: bf7c407c2cedff20999df2af8eb42d56 -> 
========================================================================
Received Prepare
Refreshing native plugins compatible for Editor in 12.21 ms, found 2 plugins.
Preloading 0 native plugins for Editor in 0.00 ms.
Unloading 28 Unused Serialized files (Serialized files now loaded: 0)
Unloading 28 unused Assets / (0.8 MB). Loaded Objects now: 4565.
Memory consumption went from 98.7 MB to 98.0 MB.
Total: 6.234900 ms (FindLiveObjects: 0.510800 ms CreateObjectMapping: 0.246800 ms MarkObjects: 5.022700 ms  DeleteObjects: 0.454100 ms)

AssetImportParameters requested are different than current active one (requested -> active):
  custom:video-decoder-ogg-theora: a1e56fd34408186e4bbccfd4996cb3dc -> 
  custom:container-muxer-webm: aa71ff27fc2769a1b78a27578f13a17b -> 
  custom:container-demuxer-webm: 4f35f7cbe854078d1ac9338744f61a02 -> 
  custom:video-encoder-webm-vp8: eb34c28f22e8b96e1ab97ce403110664 -> 
  custom:audio-encoder-webm-vorbis: bf7c407c2cedff20999df2af8eb42d56 -> 
  custom:framework-win-MediaFoundation: 216162199b28c13a410421893ffa2e32 -> 
  custom:SearchIndexIgnoredProperties: e643bd26f0fe6173181afceb89e7c659 -> 
  custom:container-demuxer-ogg: 62fdf1f143b41e24485cea50d1cbac27 -> 
  custom:video-decoder-webm-vp8: 9c59270c3fd7afecdb556c50c9e8de78 -> 
  custom:audio-decoder-ogg-vorbis: bf7c407c2cedff20999df2af8eb42d56 -> 
========================================================================
Received Prepare
Refreshing native plugins compatible for Editor in 12.15 ms, found 2 plugins.
Preloading 0 native plugins for Editor in 0.00 ms.
Unloading 25 Unused Serialized files (Serialized files now loaded: 0)
Unloading 29 unused Assets / (0.8 MB). Loaded Objects now: 4561.
Memory consumption went from 98.7 MB to 97.9 MB.
Total: 4.921500 ms (FindLiveObjects: 0.376700 ms CreateObjectMapping: 0.216800 ms MarkObjects: 3.935500 ms  DeleteObjects: 0.391400 ms)

AssetImportParameters requested are different than current active one (requested -> active):
  custom:video-decoder-ogg-theora: a1e56fd34408186e4bbccfd4996cb3dc -> 
  custom:container-muxer-webm: aa71ff27fc2769a1b78a27578f13a17b -> 
  custom:container-demuxer-webm: 4f35f7cbe854078d1ac9338744f61a02 -> 
  custom:video-encoder-webm-vp8: eb34c28f22e8b96e1ab97ce403110664 -> 
  custom:audio-encoder-webm-vorbis: bf7c407c2cedff20999df2af8eb42d56 -> 
  custom:framework-win-MediaFoundation: 216162199b28c13a410421893ffa2e32 -> 
  custom:SearchIndexIgnoredProperties: e643bd26f0fe6173181afceb89e7c659 -> 
  custom:container-demuxer-ogg: 62fdf1f143b41e24485cea50d1cbac27 -> 
  custom:video-decoder-webm-vp8: 9c59270c3fd7afecdb556c50c9e8de78 -> 
  custom:audio-decoder-ogg-vorbis: bf7c407c2cedff20999df2af8eb42d56 -> 
========================================================================
Received Prepare
Refreshing native plugins compatible for Editor in 9.04 ms, found 2 plugins.
Preloading 0 native plugins for Editor in 0.00 ms.
Unloading 27 Unused Serialized files (Serialized files now loaded: 0)
Unloading 25 unused Assets / (0.8 MB). Loaded Objects now: 4563.
Memory consumption went from 98.7 MB to 97.9 MB.
Total: 4.578800 ms (FindLiveObjects: 0.318200 ms CreateObjectMapping: 0.086200 ms MarkObjects: 3.833400 ms  DeleteObjects: 0.340500 ms)

AssetImportParameters requested are different than current active one (requested -> active):
  custom:video-decoder-ogg-theora: a1e56fd34408186e4bbccfd4996cb3dc -> 
  custom:container-muxer-webm: aa71ff27fc2769a1b78a27578f13a17b -> 
  custom:container-demuxer-webm: 4f35f7cbe854078d1ac9338744f61a02 -> 
  custom:video-encoder-webm-vp8: eb34c28f22e8b96e1ab97ce403110664 -> 
  custom:audio-encoder-webm-vorbis: bf7c407c2cedff20999df2af8eb42d56 -> 
  custom:framework-win-MediaFoundation: 216162199b28c13a410421893ffa2e32 -> 
  custom:SearchIndexIgnoredProperties: e643bd26f0fe6173181afceb89e7c659 -> 
  custom:container-demuxer-ogg: 62fdf1f143b41e24485cea50d1cbac27 -> 
  custom:video-decoder-webm-vp8: 9c59270c3fd7afecdb556c50c9e8de78 -> 
  custom:audio-decoder-ogg-vorbis: bf7c407c2cedff20999df2af8eb42d56 -> 
========================================================================
Received Prepare
Refreshing native plugins compatible for Editor in 8.28 ms, found 2 plugins.
Preloading 0 native plugins for Editor in 0.00 ms.
Unloading 25 Unused Serialized files (Serialized files now loaded: 0)
Unloading 27 unused Assets / (0.8 MB). Loaded Objects now: 4561.
Memory consumption went from 98.7 MB to 97.9 MB.
Total: 4.626600 ms (FindLiveObjects: 0.382300 ms CreateObjectMapping: 0.096000 ms MarkObjects: 3.807100 ms  DeleteObjects: 0.340900 ms)

AssetImportParameters requested are different than current active one (requested -> active):
  custom:video-decoder-ogg-theora: a1e56fd34408186e4bbccfd4996cb3dc -> 
  custom:container-muxer-webm: aa71ff27fc2769a1b78a27578f13a17b -> 
  custom:container-demuxer-webm: 4f35f7cbe854078d1ac9338744f61a02 -> 
  custom:video-encoder-webm-vp8: eb34c28f22e8b96e1ab97ce403110664 -> 
  custom:audio-encoder-webm-vorbis: bf7c407c2cedff20999df2af8eb42d56 -> 
  custom:framework-win-MediaFoundation: 216162199b28c13a410421893ffa2e32 -> 
  custom:SearchIndexIgnoredProperties: e643bd26f0fe6173181afceb89e7c659 -> 
  custom:container-demuxer-ogg: 62fdf1f143b41e24485cea50d1cbac27 -> 
  custom:video-decoder-webm-vp8: 9c59270c3fd7afecdb556c50c9e8de78 -> 
  custom:audio-decoder-ogg-vorbis: bf7c407c2cedff20999df2af8eb42d56 -> 
========================================================================
Received Prepare
Refreshing native plugins compatible for Editor in 10.19 ms, found 2 plugins.
Preloading 0 native plugins for Editor in 0.00 ms.
Unloading 27 Unused Serialized files (Serialized files now loaded: 0)
Unloading 25 unused Assets / (0.8 MB). Loaded Objects now: 4563.
Memory consumption went from 98.7 MB to 97.9 MB.
Total: 5.366500 ms (FindLiveObjects: 0.359900 ms CreateObjectMapping: 0.309500 ms MarkObjects: 4.340100 ms  DeleteObjects: 0.356500 ms)

AssetImportParameters requested are different than current active one (requested -> active):
  custom:video-decoder-ogg-theora: a1e56fd34408186e4bbccfd4996cb3dc -> 
  custom:container-muxer-webm: aa71ff27fc2769a1b78a27578f13a17b -> 
  custom:container-demuxer-webm: 4f35f7cbe854078d1ac9338744f61a02 -> 
  custom:video-encoder-webm-vp8: eb34c28f22e8b96e1ab97ce403110664 -> 
  custom:audio-encoder-webm-vorbis: bf7c407c2cedff20999df2af8eb42d56 -> 
  custom:framework-win-MediaFoundation: 216162199b28c13a410421893ffa2e32 -> 
  custom:SearchIndexIgnoredProperties: e643bd26f0fe6173181afceb89e7c659 -> 
  custom:container-demuxer-ogg: 62fdf1f143b41e24485cea50d1cbac27 -> 
  custom:video-decoder-webm-vp8: 9c59270c3fd7afecdb556c50c9e8de78 -> 
  custom:audio-decoder-ogg-vorbis: bf7c407c2cedff20999df2af8eb42d56 -> 
========================================================================
Received Prepare
Refreshing native plugins compatible for Editor in 9.73 ms, found 2 plugins.
Preloading 0 native plugins for Editor in 0.00 ms.
Unloading 29 Unused Serialized files (Serialized files now loaded: 0)
Unloading 27 unused Assets / (0.8 MB). Loaded Objects now: 4566.
Memory consumption went from 99.1 MB to 98.4 MB.
Total: 4.979200 ms (FindLiveObjects: 0.376800 ms CreateObjectMapping: 0.269800 ms MarkObjects: 3.918500 ms  DeleteObjects: 0.413500 ms)

AssetImportParameters requested are different than current active one (requested -> active):
  custom:video-decoder-ogg-theora: a1e56fd34408186e4bbccfd4996cb3dc -> 
  custom:container-muxer-webm: aa71ff27fc2769a1b78a27578f13a17b -> 
  custom:container-demuxer-webm: 4f35f7cbe854078d1ac9338744f61a02 -> 
  custom:video-encoder-webm-vp8: eb34c28f22e8b96e1ab97ce403110664 -> 
  custom:audio-encoder-webm-vorbis: bf7c407c2cedff20999df2af8eb42d56 -> 
  custom:framework-win-MediaFoundation: 216162199b28c13a410421893ffa2e32 -> 
  custom:SearchIndexIgnoredProperties: e643bd26f0fe6173181afceb89e7c659 -> 
  custom:container-demuxer-ogg: 62fdf1f143b41e24485cea50d1cbac27 -> 
  custom:video-decoder-webm-vp8: 9c59270c3fd7afecdb556c50c9e8de78 -> 
  custom:audio-decoder-ogg-vorbis: bf7c407c2cedff20999df2af8eb42d56 -> 
========================================================================
Received Prepare
Refreshing native plugins compatible for Editor in 9.79 ms, found 2 plugins.
Preloading 0 native plugins for Editor in 0.00 ms.
Unloading 27 Unused Serialized files (Serialized files now loaded: 0)
Unloading 30 unused Assets / (1.0 MB). Loaded Objects now: 4563.
Memory consumption went from 99.0 MB to 97.9 MB.
Total: 4.624100 ms (FindLiveObjects: 0.311700 ms CreateObjectMapping: 0.177000 ms MarkObjects: 3.719600 ms  DeleteObjects: 0.415500 ms)

AssetImportParameters requested are different than current active one (requested -> active):
  custom:video-decoder-ogg-theora: a1e56fd34408186e4bbccfd4996cb3dc -> 
  custom:container-muxer-webm: aa71ff27fc2769a1b78a27578f13a17b -> 
  custom:container-demuxer-webm: 4f35f7cbe854078d1ac9338744f61a02 -> 
  custom:video-encoder-webm-vp8: eb34c28f22e8b96e1ab97ce403110664 -> 
  custom:audio-encoder-webm-vorbis: bf7c407c2cedff20999df2af8eb42d56 -> 
  custom:framework-win-MediaFoundation: 216162199b28c13a410421893ffa2e32 -> 
  custom:SearchIndexIgnoredProperties: e643bd26f0fe6173181afceb89e7c659 -> 
  custom:container-demuxer-ogg: 62fdf1f143b41e24485cea50d1cbac27 -> 
  custom:video-decoder-webm-vp8: 9c59270c3fd7afecdb556c50c9e8de78 -> 
  custom:audio-decoder-ogg-vorbis: bf7c407c2cedff20999df2af8eb42d56 -> 
========================================================================
Received Prepare
Refreshing native plugins compatible for Editor in 10.49 ms, found 2 plugins.
Preloading 0 native plugins for Editor in 0.00 ms.
Unloading 25 Unused Serialized files (Serialized files now loaded: 0)
Unloading 27 unused Assets / (0.8 MB). Loaded Objects now: 4561.
Memory consumption went from 98.7 MB to 97.9 MB.
Total: 6.467800 ms (FindLiveObjects: 0.424300 ms CreateObjectMapping: 0.304700 ms MarkObjects: 5.255800 ms  DeleteObjects: 0.482000 ms)

AssetImportParameters requested are different than current active one (requested -> active):
  custom:video-decoder-ogg-theora: a1e56fd34408186e4bbccfd4996cb3dc -> 
  custom:container-muxer-webm: aa71ff27fc2769a1b78a27578f13a17b -> 
  custom:container-demuxer-webm: 4f35f7cbe854078d1ac9338744f61a02 -> 
  custom:video-encoder-webm-vp8: eb34c28f22e8b96e1ab97ce403110664 -> 
  custom:audio-encoder-webm-vorbis: bf7c407c2cedff20999df2af8eb42d56 -> 
  custom:framework-win-MediaFoundation: 216162199b28c13a410421893ffa2e32 -> 
  custom:SearchIndexIgnoredProperties: e643bd26f0fe6173181afceb89e7c659 -> 
  custom:container-demuxer-ogg: 62fdf1f143b41e24485cea50d1cbac27 -> 
  custom:video-decoder-webm-vp8: 9c59270c3fd7afecdb556c50c9e8de78 -> 
  custom:audio-decoder-ogg-vorbis: bf7c407c2cedff20999df2af8eb42d56 -> 
========================================================================
Received Prepare
Refreshing native plugins compatible for Editor in 8.63 ms, found 2 plugins.
Preloading 0 native plugins for Editor in 0.00 ms.
Unloading 29 Unused Serialized files (Serialized files now loaded: 0)
Unloading 25 unused Assets / (0.8 MB). Loaded Objects now: 4566.
Memory consumption went from 99.2 MB to 98.4 MB.
Total: 4.605900 ms (FindLiveObjects: 0.333500 ms CreateObjectMapping: 0.232500 ms MarkObjects: 3.708800 ms  DeleteObjects: 0.330500 ms)

AssetImportParameters requested are different than current active one (requested -> active):
  custom:video-decoder-ogg-theora: a1e56fd34408186e4bbccfd4996cb3dc -> 
  custom:container-muxer-webm: aa71ff27fc2769a1b78a27578f13a17b -> 
  custom:container-demuxer-webm: 4f35f7cbe854078d1ac9338744f61a02 -> 
  custom:video-encoder-webm-vp8: eb34c28f22e8b96e1ab97ce403110664 -> 
  custom:audio-encoder-webm-vorbis: bf7c407c2cedff20999df2af8eb42d56 -> 
  custom:framework-win-MediaFoundation: 216162199b28c13a410421893ffa2e32 -> 
  custom:SearchIndexIgnoredProperties: e643bd26f0fe6173181afceb89e7c659 -> 
  custom:container-demuxer-ogg: 62fdf1f143b41e24485cea50d1cbac27 -> 
  custom:video-decoder-webm-vp8: 9c59270c3fd7afecdb556c50c9e8de78 -> 
  custom:audio-decoder-ogg-vorbis: bf7c407c2cedff20999df2af8eb42d56 -> 
========================================================================
Received Prepare
Refreshing native plugins compatible for Editor in 8.27 ms, found 2 plugins.
Preloading 0 native plugins for Editor in 0.00 ms.
Unloading 27 Unused Serialized files (Serialized files now loaded: 0)
Unloading 30 unused Assets / (1.1 MB). Loaded Objects now: 4565.
Memory consumption went from 99.1 MB to 98.0 MB.
Total: 4.508300 ms (FindLiveObjects: 0.312800 ms CreateObjectMapping: 0.084800 ms MarkObjects: 3.647500 ms  DeleteObjects: 0.462500 ms)

AssetImportParameters requested are different than current active one (requested -> active):
  custom:video-decoder-ogg-theora: a1e56fd34408186e4bbccfd4996cb3dc -> 
  custom:container-muxer-webm: aa71ff27fc2769a1b78a27578f13a17b -> 
  custom:container-demuxer-webm: 4f35f7cbe854078d1ac9338744f61a02 -> 
  custom:video-encoder-webm-vp8: eb34c28f22e8b96e1ab97ce403110664 -> 
  custom:audio-encoder-webm-vorbis: bf7c407c2cedff20999df2af8eb42d56 -> 
  custom:framework-win-MediaFoundation: 216162199b28c13a410421893ffa2e32 -> 
  custom:SearchIndexIgnoredProperties: e643bd26f0fe6173181afceb89e7c659 -> 
  custom:container-demuxer-ogg: 62fdf1f143b41e24485cea50d1cbac27 -> 
  custom:video-decoder-webm-vp8: 9c59270c3fd7afecdb556c50c9e8de78 -> 
  custom:audio-decoder-ogg-vorbis: bf7c407c2cedff20999df2af8eb42d56 -> 
========================================================================
Received Prepare
Refreshing native plugins compatible for Editor in 10.39 ms, found 2 plugins.
Preloading 0 native plugins for Editor in 0.00 ms.
Unloading 25 Unused Serialized files (Serialized files now loaded: 0)
Unloading 28 unused Assets / (0.8 MB). Loaded Objects now: 4562.
Memory consumption went from 98.7 MB to 97.9 MB.
Total: 5.021700 ms (FindLiveObjects: 0.351100 ms CreateObjectMapping: 0.108300 ms MarkObjects: 4.172600 ms  DeleteObjects: 0.389100 ms)

AssetImportParameters requested are different than current active one (requested -> active):
  custom:video-decoder-ogg-theora: a1e56fd34408186e4bbccfd4996cb3dc -> 
  custom:container-muxer-webm: aa71ff27fc2769a1b78a27578f13a17b -> 
  custom:container-demuxer-webm: 4f35f7cbe854078d1ac9338744f61a02 -> 
  custom:video-encoder-webm-vp8: eb34c28f22e8b96e1ab97ce403110664 -> 
  custom:audio-encoder-webm-vorbis: bf7c407c2cedff20999df2af8eb42d56 -> 
  custom:framework-win-MediaFoundation: 216162199b28c13a410421893ffa2e32 -> 
  custom:SearchIndexIgnoredProperties: e643bd26f0fe6173181afceb89e7c659 -> 
  custom:container-demuxer-ogg: 62fdf1f143b41e24485cea50d1cbac27 -> 
  custom:video-decoder-webm-vp8: 9c59270c3fd7afecdb556c50c9e8de78 -> 
  custom:audio-decoder-ogg-vorbis: bf7c407c2cedff20999df2af8eb42d56 -> 
========================================================================
Received Prepare
Refreshing native plugins compatible for Editor in 11.11 ms, found 2 plugins.
Preloading 0 native plugins for Editor in 0.00 ms.
Unloading 32 Unused Serialized files (Serialized files now loaded: 0)
Unloading 25 unused Assets / (0.8 MB). Loaded Objects now: 4571.
Memory consumption went from 99.7 MB to 98.9 MB.
Total: 5.513200 ms (FindLiveObjects: 0.400100 ms CreateObjectMapping: 0.310100 ms MarkObjects: 4.417000 ms  DeleteObjects: 0.385500 ms)

AssetImportParameters requested are different than current active one (requested -> active):
  custom:video-decoder-ogg-theora: a1e56fd34408186e4bbccfd4996cb3dc -> 
  custom:container-muxer-webm: aa71ff27fc2769a1b78a27578f13a17b -> 
  custom:container-demuxer-webm: 4f35f7cbe854078d1ac9338744f61a02 -> 
  custom:video-encoder-webm-vp8: eb34c28f22e8b96e1ab97ce403110664 -> 
  custom:audio-encoder-webm-vorbis: bf7c407c2cedff20999df2af8eb42d56 -> 
  custom:framework-win-MediaFoundation: 216162199b28c13a410421893ffa2e32 -> 
  custom:SearchIndexIgnoredProperties: e643bd26f0fe6173181afceb89e7c659 -> 
  custom:container-demuxer-ogg: 62fdf1f143b41e24485cea50d1cbac27 -> 
  custom:video-decoder-webm-vp8: 9c59270c3fd7afecdb556c50c9e8de78 -> 
  custom:audio-decoder-ogg-vorbis: bf7c407c2cedff20999df2af8eb42d56 -> 
========================================================================
Received Prepare
Refreshing native plugins compatible for Editor in 11.61 ms, found 2 plugins.
Preloading 0 native plugins for Editor in 0.00 ms.
Unloading 27 Unused Serialized files (Serialized files now loaded: 0)
Unloading 34 unused Assets / (1.5 MB). Loaded Objects now: 4565.
Memory consumption went from 99.4 MB to 98.0 MB.
Total: 5.320500 ms (FindLiveObjects: 0.417500 ms CreateObjectMapping: 0.236800 ms MarkObjects: 4.052200 ms  DeleteObjects: 0.613500 ms)

AssetImportParameters requested are different than current active one (requested -> active):
  custom:video-decoder-ogg-theora: a1e56fd34408186e4bbccfd4996cb3dc -> 
  custom:container-muxer-webm: aa71ff27fc2769a1b78a27578f13a17b -> 
  custom:container-demuxer-webm: 4f35f7cbe854078d1ac9338744f61a02 -> 
  custom:video-encoder-webm-vp8: eb34c28f22e8b96e1ab97ce403110664 -> 
  custom:audio-encoder-webm-vorbis: bf7c407c2cedff20999df2af8eb42d56 -> 
  custom:framework-win-MediaFoundation: 216162199b28c13a410421893ffa2e32 -> 
  custom:SearchIndexIgnoredProperties: e643bd26f0fe6173181afceb89e7c659 -> 
  custom:container-demuxer-ogg: 62fdf1f143b41e24485cea50d1cbac27 -> 
  custom:video-decoder-webm-vp8: 9c59270c3fd7afecdb556c50c9e8de78 -> 
  custom:audio-decoder-ogg-vorbis: bf7c407c2cedff20999df2af8eb42d56 -> 
========================================================================
Received Prepare
Refreshing native plugins compatible for Editor in 8.44 ms, found 2 plugins.
Preloading 0 native plugins for Editor in 0.00 ms.
Unloading 25 Unused Serialized files (Serialized files now loaded: 0)
Unloading 28 unused Assets / (0.8 MB). Loaded Objects now: 4562.
Memory consumption went from 98.7 MB to 97.9 MB.
Total: 4.421200 ms (FindLiveObjects: 0.380700 ms CreateObjectMapping: 0.093100 ms MarkObjects: 3.610100 ms  DeleteObjects: 0.336700 ms)

AssetImportParameters requested are different than current active one (requested -> active):
  custom:video-decoder-ogg-theora: a1e56fd34408186e4bbccfd4996cb3dc -> 
  custom:container-muxer-webm: aa71ff27fc2769a1b78a27578f13a17b -> 
  custom:container-demuxer-webm: 4f35f7cbe854078d1ac9338744f61a02 -> 
  custom:video-encoder-webm-vp8: eb34c28f22e8b96e1ab97ce403110664 -> 
  custom:audio-encoder-webm-vorbis: bf7c407c2cedff20999df2af8eb42d56 -> 
  custom:framework-win-MediaFoundation: 216162199b28c13a410421893ffa2e32 -> 
  custom:SearchIndexIgnoredProperties: e643bd26f0fe6173181afceb89e7c659 -> 
  custom:container-demuxer-ogg: 62fdf1f143b41e24485cea50d1cbac27 -> 
  custom:video-decoder-webm-vp8: 9c59270c3fd7afecdb556c50c9e8de78 -> 
  custom:audio-decoder-ogg-vorbis: bf7c407c2cedff20999df2af8eb42d56 -> 
========================================================================
Received Prepare
Refreshing native plugins compatible for Editor in 9.43 ms, found 2 plugins.
Preloading 0 native plugins for Editor in 0.00 ms.
Unloading 28 Unused Serialized files (Serialized files now loaded: 0)
Unloading 25 unused Assets / (0.8 MB). Loaded Objects now: 4566.
Memory consumption went from 98.7 MB to 98.0 MB.
Total: 4.979000 ms (FindLiveObjects: 0.346500 ms CreateObjectMapping: 0.097300 ms MarkObjects: 4.169600 ms  DeleteObjects: 0.365100 ms)

AssetImportParameters requested are different than current active one (requested -> active):
  custom:video-decoder-ogg-theora: a1e56fd34408186e4bbccfd4996cb3dc -> 
  custom:container-muxer-webm: aa71ff27fc2769a1b78a27578f13a17b -> 
  custom:container-demuxer-webm: 4f35f7cbe854078d1ac9338744f61a02 -> 
  custom:video-encoder-webm-vp8: eb34c28f22e8b96e1ab97ce403110664 -> 
  custom:audio-encoder-webm-vorbis: bf7c407c2cedff20999df2af8eb42d56 -> 
  custom:framework-win-MediaFoundation: 216162199b28c13a410421893ffa2e32 -> 
  custom:SearchIndexIgnoredProperties: e643bd26f0fe6173181afceb89e7c659 -> 
  custom:container-demuxer-ogg: 62fdf1f143b41e24485cea50d1cbac27 -> 
  custom:video-decoder-webm-vp8: 9c59270c3fd7afecdb556c50c9e8de78 -> 
  custom:audio-decoder-ogg-vorbis: bf7c407c2cedff20999df2af8eb42d56 -> 
========================================================================
Received Prepare
Refreshing native plugins compatible for Editor in 10.11 ms, found 2 plugins.
Preloading 0 native plugins for Editor in 0.00 ms.
Unloading 25 Unused Serialized files (Serialized files now loaded: 0)
Unloading 29 unused Assets / (0.8 MB). Loaded Objects now: 4562.
Memory consumption went from 98.7 MB to 97.9 MB.
Total: 4.350000 ms (FindLiveObjects: 0.342800 ms CreateObjectMapping: 0.095600 ms MarkObjects: 3.558600 ms  DeleteObjects: 0.352500 ms)

AssetImportParameters requested are different than current active one (requested -> active):
  custom:video-decoder-ogg-theora: a1e56fd34408186e4bbccfd4996cb3dc -> 
  custom:container-muxer-webm: aa71ff27fc2769a1b78a27578f13a17b -> 
  custom:container-demuxer-webm: 4f35f7cbe854078d1ac9338744f61a02 -> 
  custom:video-encoder-webm-vp8: eb34c28f22e8b96e1ab97ce403110664 -> 
  custom:audio-encoder-webm-vorbis: bf7c407c2cedff20999df2af8eb42d56 -> 
  custom:framework-win-MediaFoundation: 216162199b28c13a410421893ffa2e32 -> 
  custom:SearchIndexIgnoredProperties: e643bd26f0fe6173181afceb89e7c659 -> 
  custom:container-demuxer-ogg: 62fdf1f143b41e24485cea50d1cbac27 -> 
  custom:video-decoder-webm-vp8: 9c59270c3fd7afecdb556c50c9e8de78 -> 
  custom:audio-decoder-ogg-vorbis: bf7c407c2cedff20999df2af8eb42d56 -> 
Editor requested this worker to shutdown with reason: Scaling down because of idle timeout
AssetImportWorker is now disconnected from the server
Process exiting
Exiting without the bug reporter. Application will terminate with return code 0