Using pre-set license
Built from '2021.3/staging' branch; Version is '2021.3.11f1 (0a5ca18544bf) revision 679073'; Using compiler version '192829333'; Build Type 'Release'
OS: 'Windows 10  (10.0.19044) 64bit Core' Language: 'fr' Physical Memory: 16309 MB
BatchMode: 1, IsHumanControllingUs: 0, StartBugReporterOnCrash: 0, Is64bit: 1, IsPro: 1

COMMAND LINE ARGUMENTS:
C:\Program Files\Unity\Hub\Editor\Unity 2021.3.11f1\Editor\Unity.exe
-adb2
-batchMode
-noUpm
-name
AssetImportWorker3
-projectPath
C:/Users/Théo/Desktop/A trier/YDAY_CYG/Yday
-logFile
Logs/AssetImportWorker3.log
-srvPort
55940
Successfully changed project path to: C:/Users/Théo/Desktop/A trier/YDAY_CYG/Yday
C:/Users/Théo/Desktop/A trier/YDAY_CYG/Yday
[UnityMemory] Configuration Parameters - Can be set up in boot.config
    "memorysetup-bucket-allocator-granularity=16"
    "memorysetup-bucket-allocator-bucket-count=8"
    "memorysetup-bucket-allocator-block-size=33554432"
    "memorysetup-bucket-allocator-block-count=8"
    "memorysetup-main-allocator-block-size=16777216"
    "memorysetup-thread-allocator-block-size=16777216"
    "memorysetup-gfx-main-allocator-block-size=16777216"
    "memorysetup-gfx-thread-allocator-block-size=16777216"
    "memorysetup-cache-allocator-block-size=4194304"
    "memorysetup-typetree-allocator-block-size=2097152"
    "memorysetup-profiler-bucket-allocator-granularity=16"
    "memorysetup-profiler-bucket-allocator-bucket-count=8"
    "memorysetup-profiler-bucket-allocator-block-size=33554432"
    "memorysetup-profiler-bucket-allocator-block-count=8"
    "memorysetup-profiler-allocator-block-size=16777216"
    "memorysetup-profiler-editor-allocator-block-size=1048576"
    "memorysetup-temp-allocator-size-main=16777216"
    "memorysetup-job-temp-allocator-block-size=2097152"
    "memorysetup-job-temp-allocator-block-size-background=1048576"
    "memorysetup-job-temp-allocator-reduction-small-platforms=262144"
    "memorysetup-temp-allocator-size-background-worker=32768"
    "memorysetup-temp-allocator-size-job-worker=262144"
    "memorysetup-temp-allocator-size-preload-manager=33554432"
    "memorysetup-temp-allocator-size-nav-mesh-worker=65536"
    "memorysetup-temp-allocator-size-audio-worker=65536"
    "memorysetup-temp-allocator-size-cloud-worker=32768"
    "memorysetup-temp-allocator-size-gi-baking-worker=262144"
    "memorysetup-temp-allocator-size-gfx=262144"
Refreshing native plugins compatible for Editor in 53.39 ms, found 2 plugins.
Preloading 0 native plugins for Editor in 0.00 ms.
Initialize engine version: 2021.3.11f1 (0a5ca18544bf)
[Subsystems] Discovering subsystems at path C:/Program Files/Unity/Hub/Editor/Unity 2021.3.11f1/Editor/Data/Resources/UnitySubsystems
[Subsystems] Discovering subsystems at path C:/Users/Théo/Desktop/A trier/YDAY_CYG/Yday/Assets
GfxDevice: creating device client; threaded=0; jobified=0
Direct3D:
    Version:  Direct3D 11.0 [level 11.1]
    Renderer: NVIDIA GeForce RTX 3060 Ti (ID=0x2489)
    Vendor:   NVIDIA
    VRAM:     8038 MB
    Driver:   31.0.15.2698
Initialize mono
Mono path[0] = 'C:/Program Files/Unity/Hub/Editor/Unity 2021.3.11f1/Editor/Data/Managed'
Mono path[1] = 'C:/Program Files/Unity/Hub/Editor/Unity 2021.3.11f1/Editor/Data/MonoBleedingEdge/lib/mono/unityjit-win32'
Mono config path = 'C:/Program Files/Unity/Hub/Editor/Unity 2021.3.11f1/Editor/Data/MonoBleedingEdge/etc'
Using monoOptions --debugger-agent=transport=dt_socket,embedding=1,server=y,suspend=n,address=127.0.0.1:56788
Begin MonoManager ReloadAssembly
Registering precompiled unity dll's ...
Register platform support module: C:/Program Files/Unity/Hub/Editor/Unity 2021.3.11f1/Editor/Data/PlaybackEngines/WindowsStandaloneSupport/UnityEditor.WindowsStandalone.Extensions.dll
Registered in 0.031167 seconds.
Native extension for WindowsStandalone target not found
Refreshing native plugins compatible for Editor in 43.50 ms, found 2 plugins.
Preloading 0 native plugins for Editor in 0.00 ms.
Mono: successfully reloaded assembly
- Completed reload, in  0.603 seconds
Domain Reload Profiling:
	ReloadAssembly (603ms)
		BeginReloadAssembly (122ms)
			ExecutionOrderSort (0ms)
			DisableScriptedObjects (0ms)
			BackupInstance (0ms)
			ReleaseScriptingObjects (0ms)
			CreateAndSetChildDomain (0ms)
		EndReloadAssembly (340ms)
			LoadAssemblies (114ms)
			RebuildTransferFunctionScriptingTraits (0ms)
			SetupTypeCache (68ms)
			ReleaseScriptCaches (0ms)
			RebuildScriptCaches (19ms)
			SetupLoadedEditorAssemblies (196ms)
				LogAssemblyErrors (0ms)
				InitializePlatformSupportModulesInManaged (13ms)
				SetLoadedEditorAssemblies (0ms)
				RefreshPlugins (44ms)
				BeforeProcessingInitializeOnLoad (1ms)
				ProcessInitializeOnLoadAttributes (102ms)
				ProcessInitializeOnLoadMethodAttributes (37ms)
				AfterProcessingInitializeOnLoad (0ms)
				EditorAssembliesLoaded (0ms)
			ExecutionOrderSort2 (0ms)
			AwakeInstancesAfterBackupRestoration (0ms)
Platform modules already initialized, skipping
Registering precompiled user dll's ...
Registered in 0.018758 seconds.
Begin MonoManager ReloadAssembly
Native extension for WindowsStandalone target not found
Refreshing native plugins compatible for Editor in 45.75 ms, found 2 plugins.
Preloading 0 native plugins for Editor in 0.00 ms.
Mono: successfully reloaded assembly
- Completed reload, in  1.101 seconds
Domain Reload Profiling:
	ReloadAssembly (1101ms)
		BeginReloadAssembly (142ms)
			ExecutionOrderSort (0ms)
			DisableScriptedObjects (5ms)
			BackupInstance (0ms)
			ReleaseScriptingObjects (0ms)
			CreateAndSetChildDomain (17ms)
		EndReloadAssembly (837ms)
			LoadAssemblies (133ms)
			RebuildTransferFunctionScriptingTraits (0ms)
			SetupTypeCache (157ms)
			ReleaseScriptCaches (1ms)
			RebuildScriptCaches (39ms)
			SetupLoadedEditorAssemblies (500ms)
				LogAssemblyErrors (0ms)
				InitializePlatformSupportModulesInManaged (10ms)
				SetLoadedEditorAssemblies (0ms)
				RefreshPlugins (46ms)
				BeforeProcessingInitializeOnLoad (121ms)
				ProcessInitializeOnLoadAttributes (237ms)
				ProcessInitializeOnLoadMethodAttributes (56ms)
				AfterProcessingInitializeOnLoad (30ms)
				EditorAssembliesLoaded (0ms)
			ExecutionOrderSort2 (0ms)
			AwakeInstancesAfterBackupRestoration (7ms)
Platform modules already initialized, skipping
========================================================================
Worker process is ready to serve import requests
Launched and connected shader compiler UnityShaderCompiler.exe after 0.04 seconds
Refreshing native plugins compatible for Editor in 0.91 ms, found 2 plugins.
Preloading 0 native plugins for Editor in 0.00 ms.
Unloading 4005 Unused Serialized files (Serialized files now loaded: 0)
Unloading 46 unused Assets / (0.8 MB). Loaded Objects now: 4464.
Memory consumption went from 178.4 MB to 177.6 MB.
Total: 3.681400 ms (FindLiveObjects: 0.241400 ms CreateObjectMapping: 0.088100 ms MarkObjects: 3.026200 ms  DeleteObjects: 0.325100 ms)

AssetImportParameters requested are different than current active one (requested -> active):
  custom:video-decoder-ogg-theora: a1e56fd34408186e4bbccfd4996cb3dc -> 
  custom:container-muxer-webm: aa71ff27fc2769a1b78a27578f13a17b -> 
  custom:container-demuxer-webm: 4f35f7cbe854078d1ac9338744f61a02 -> 
  custom:video-encoder-webm-vp8: eb34c28f22e8b96e1ab97ce403110664 -> 
  custom:audio-encoder-webm-vorbis: bf7c407c2cedff20999df2af8eb42d56 -> 
  custom:framework-win-MediaFoundation: 216162199b28c13a410421893ffa2e32 -> 
  custom:container-demuxer-ogg: 62fdf1f143b41e24485cea50d1cbac27 -> 
  custom:video-decoder-webm-vp8: 9c59270c3fd7afecdb556c50c9e8de78 -> 
  custom:audio-decoder-ogg-vorbis: bf7c407c2cedff20999df2af8eb42d56 -> 
========================================================================
Received Import Request.
  Time since last request: 191596.390437 seconds.
  path: Assets/ImportPackages/TextMesh Pro/Examples & Extras/Resources/Fonts & Materials/Bangers SDF - Drop Shadow.mat
  artifactKey: Guid(f2dcf029949142e28b974630369c8b4e) Importer(815301076,1909f56bfc062723c751e8b465ee728b)
Start importing Assets/ImportPackages/TextMesh Pro/Examples & Extras/Resources/Fonts & Materials/Bangers SDF - Drop Shadow.mat using Guid(f2dcf029949142e28b974630369c8b4e) Importer(815301076,1909f56bfc062723c751e8b465ee728b)  -> (artifact id: '04a33d64fb698f267fafcf7aea1ddcb7') in 0.141477 seconds 
========================================================================
Received Import Request.
  Time since last request: 0.000019 seconds.
  path: Assets/Samples/Universal RP/12.1.7/URP Package Samples/Shaders/Lit/Materials/BaseWhite.mat
  artifactKey: Guid(f5c03b7d48332454cbf96bd82bc98f12) Importer(815301076,1909f56bfc062723c751e8b465ee728b)
Start importing Assets/Samples/Universal RP/12.1.7/URP Package Samples/Shaders/Lit/Materials/BaseWhite.mat using Guid(f5c03b7d48332454cbf96bd82bc98f12) Importer(815301076,1909f56bfc062723c751e8b465ee728b)  -> (artifact id: '9341d24b163e2fcb5c7ef027bddb21b4') in 0.019506 seconds 
========================================================================
Received Import Request.
  Time since last request: 0.000017 seconds.
  path: Assets/ImportPackages/TextMesh Pro/Examples & Extras/Resources/Fonts & Materials/Bangers SDF - Outline.mat
  artifactKey: Guid(f629c6e43dba4bf38cb74d8860150664) Importer(815301076,1909f56bfc062723c751e8b465ee728b)
Start importing Assets/ImportPackages/TextMesh Pro/Examples & Extras/Resources/Fonts & Materials/Bangers SDF - Outline.mat using Guid(f629c6e43dba4bf38cb74d8860150664) Importer(815301076,1909f56bfc062723c751e8b465ee728b) Shader error in 'TextMeshPro/Mobile/Distance Field': Couldn't open include file 'TMPro_Properties.cginc'. at line 93

Compiling Subshader: 0, Pass: <Unnamed Pass 0>, Vertex program with OUTLINE_ON
Platform defines: SHADER_API_DESKTOP UNITY_COLORSPACE_GAMMA UNITY_ENABLE_DETAIL_NORMALMAP UNITY_ENABLE_REFLECTION_BUFFERS UNITY_LIGHTMAP_FULL_HDR UNITY_LIGHT_PROBE_PROXY_VOLUME UNITY_PBS_USE_BRDF1 UNITY_SPECCUBE_BLENDING UNITY_SPECCUBE_BOX_PROJECTION UNITY_USE_DITHER_MASK_FOR_ALPHABLENDED_SHADOWS
Disabled keywords: SHADER_API_GLES30 UNDERLAY_INNER UNDERLAY_ON UNITY_ASTC_NORMALMAP_ENCODING UNITY_ENABLE_NATIVE_SHADOW_LOOKUPS UNITY_FRAMEBUFFER_FETCH_AVAILABLE UNITY_HALF_PRECISION_FRAGMENT_SHADER_REGISTERS UNITY_HARDWARE_TIER1 UNITY_HARDWARE_TIER2 UNITY_HARDWARE_TIER3 UNITY_LIGHTMAP_DLDR_ENCODING UNITY_LIGHTMAP_RGBM_ENCODING UNITY_METAL_SHADOWS_USE_POINT_FILTERING UNITY_NO_DXT5nm UNITY_NO_FULL_STANDARD_SHADER UNITY_NO_SCREENSPACE_SHADOWS UNITY_PBS_USE_BRDF2 UNITY_PBS_USE_BRDF3 UNITY_PRETRANSFORM_TO_DISPLAY_ORIENTATION UNITY_UI_ALPHACLIP UNITY_UI_CLIP_RECT UNITY_UNIFIED_SHADER_PRECISION_MODEL UNITY_VIRTUAL_TEXTURING
Shader error in 'TextMeshPro/Mobile/Distance Field': Couldn't open include file 'TMPro_Properties.cginc'. at line 93

Compiling Subshader: 0, Pass: <Unnamed Pass 0>, Vertex program with OUTLINE_ON
Platform defines: SHADER_API_DESKTOP UNITY_COLORSPACE_GAMMA UNITY_ENABLE_DETAIL_NORMALMAP UNITY_ENABLE_REFLECTION_BUFFERS UNITY_LIGHTMAP_FULL_HDR UNITY_LIGHT_PROBE_PROXY_VOLUME UNITY_PBS_USE_BRDF1 UNITY_SPECCUBE_BLENDING UNITY_SPECCUBE_BOX_PROJECTION UNITY_USE_DITHER_MASK_FOR_ALPHABLENDED_SHADOWS
Disabled keywords: SHADER_API_GLES30 UNDERLAY_INNER UNDERLAY_ON UNITY_ASTC_NORMALMAP_ENCODING UNITY_ENABLE_NATIVE_SHADOW_LOOKUPS UNITY_FRAMEBUFFER_FETCH_AVAILABLE UNITY_HALF_PRECISION_FRAGMENT_SHADER_REGISTERS UNITY_HARDWARE_TIER1 UNITY_HARDWARE_TIER2 UNITY_HARDWARE_TIER3 UNITY_LIGHTMAP_DLDR_ENCODING UNITY_LIGHTMAP_RGBM_ENCODING UNITY_METAL_SHADOWS_USE_POINT_FILTERING UNITY_NO_DXT5nm UNITY_NO_FULL_STANDARD_SHADER UNITY_NO_SCREENSPACE_SHADOWS UNITY_PBS_USE_BRDF2 UNITY_PBS_USE_BRDF3 UNITY_PRETRANSFORM_TO_DISPLAY_ORIENTATION UNITY_UI_ALPHACLIP UNITY_UI_CLIP_RECT UNITY_UNIFIED_SHADER_PRECISION_MODEL UNITY_VIRTUAL_TEXTURING
 -> (artifact id: 'b5476627559f54555a98ddaca95ec0b0') in 0.035062 seconds 
========================================================================
Received Import Request.
  Time since last request: 0.000019 seconds.
  path: Assets/Samples/Universal RP/12.1.7/URP Package Samples/Shaders/Lit/Materials/BaseMap.mat
  artifactKey: Guid(81a7b3fb99e984cb0a7a85e94d32a98e) Importer(815301076,1909f56bfc062723c751e8b465ee728b)
Start importing Assets/Samples/Universal RP/12.1.7/URP Package Samples/Shaders/Lit/Materials/BaseMap.mat using Guid(81a7b3fb99e984cb0a7a85e94d32a98e) Importer(815301076,1909f56bfc062723c751e8b465ee728b)  -> (artifact id: '3dd45beaf6a8a9bd562385b4bbcba206') in 0.022187 seconds 
========================================================================
Received Import Request.
  Time since last request: 1.933091 seconds.
  path: Assets/Materials/Shield.mat
  artifactKey: Guid(59811aafd38cbb94593da286860c11ea) Importer(815301076,1909f56bfc062723c751e8b465ee728b)
Start importing Assets/Materials/Shield.mat using Guid(59811aafd38cbb94593da286860c11ea) Importer(815301076,1909f56bfc062723c751e8b465ee728b)  -> (artifact id: 'e0344c2007183c6fa41ca401c6a1fc15') in 0.014498 seconds 
========================================================================
Received Prepare
Switching render pipeline 00000000000000000000000000000000 -> d6419595c2465cb43b25df80ed3abc8c
Refreshing native plugins compatible for Editor in 10.31 ms, found 2 plugins.
Preloading 0 native plugins for Editor in 0.00 ms.
Unloading 73 Unused Serialized files (Serialized files now loaded: 0)
Unloading 25 unused Assets / (0.8 MB). Loaded Objects now: 4554.
Memory consumption went from 100.4 MB to 99.6 MB.
Total: 4.126400 ms (FindLiveObjects: 0.338500 ms CreateObjectMapping: 0.093900 ms MarkObjects: 3.329100 ms  DeleteObjects: 0.363800 ms)

AssetImportParameters requested are different than current active one (requested -> active):
  custom:video-decoder-ogg-theora: a1e56fd34408186e4bbccfd4996cb3dc -> 
  custom:container-muxer-webm: aa71ff27fc2769a1b78a27578f13a17b -> 
  custom:container-demuxer-webm: 4f35f7cbe854078d1ac9338744f61a02 -> 
  custom:video-encoder-webm-vp8: eb34c28f22e8b96e1ab97ce403110664 -> 
  custom:audio-encoder-webm-vorbis: bf7c407c2cedff20999df2af8eb42d56 -> 
  custom:framework-win-MediaFoundation: 216162199b28c13a410421893ffa2e32 -> 
  custom:container-demuxer-ogg: 62fdf1f143b41e24485cea50d1cbac27 -> 
  custom:video-decoder-webm-vp8: 9c59270c3fd7afecdb556c50c9e8de78 -> 
  custom:audio-decoder-ogg-vorbis: bf7c407c2cedff20999df2af8eb42d56 -> 
========================================================================
Received Import Request.
  Time since last request: 175.049873 seconds.
  path: Assets/New Universal Render Pipeline Asset_Renderer.asset
  artifactKey: Guid(e8c0d64a7959b6c41ac2408d1471d167) Importer(815301076,1909f56bfc062723c751e8b465ee728b)
Start importing Assets/New Universal Render Pipeline Asset_Renderer.asset using Guid(e8c0d64a7959b6c41ac2408d1471d167) Importer(815301076,1909f56bfc062723c751e8b465ee728b)  -> (artifact id: '0d549e4f7faf45b16dd9eedbd5e51917') in 0.012289 seconds 
========================================================================
Received Import Request.
  Time since last request: 431.726296 seconds.
  path: Assets/Samples/Universal RP/12.1.7/URP Package Samples/Decals/BlobShadow/BlobShadowPipeline.asset
  artifactKey: Guid(bc572d40b13ec4166b317d799f6e960a) Importer(815301076,1909f56bfc062723c751e8b465ee728b)
Start importing Assets/Samples/Universal RP/12.1.7/URP Package Samples/Decals/BlobShadow/BlobShadowPipeline.asset using Guid(bc572d40b13ec4166b317d799f6e960a) Importer(815301076,1909f56bfc062723c751e8b465ee728b)  -> (artifact id: '5e8a3b822ee5e5506290c642e088096a') in 0.008600 seconds 
========================================================================
Received Import Request.
  Time since last request: 0.000018 seconds.
  path: Assets/Samples/Universal RP/12.1.7/URP Package Samples/RendererFeatures/GlitchEffect/Glitch_Pipeline.asset
  artifactKey: Guid(d9c9fb8242f28427590fbaeb84ae75ea) Importer(815301076,1909f56bfc062723c751e8b465ee728b)
Start importing Assets/Samples/Universal RP/12.1.7/URP Package Samples/RendererFeatures/GlitchEffect/Glitch_Pipeline.asset using Guid(d9c9fb8242f28427590fbaeb84ae75ea) Importer(815301076,1909f56bfc062723c751e8b465ee728b)  -> (artifact id: '67549db69e8b29d052635b1f830b92ad') in 0.008318 seconds 
========================================================================
Received Import Request.
  Time since last request: 0.000010 seconds.
  path: Assets/Samples/Universal RP/12.1.7/URP Package Samples/RendererFeatures/OcclusionEffect/OcclusionEffectPipeline.asset
  artifactKey: Guid(bd7253799736341e9958ba15f3ee81a7) Importer(815301076,1909f56bfc062723c751e8b465ee728b)
Start importing Assets/Samples/Universal RP/12.1.7/URP Package Samples/RendererFeatures/OcclusionEffect/OcclusionEffectPipeline.asset using Guid(bd7253799736341e9958ba15f3ee81a7) Importer(815301076,1909f56bfc062723c751e8b465ee728b)  -> (artifact id: '022f2a769ba9f203c2ba0c0f0918677d') in 0.006921 seconds 
========================================================================
Received Import Request.
  Time since last request: 0.000012 seconds.
  path: Assets/New Universal Render Pipeline Asset.asset
  artifactKey: Guid(d6419595c2465cb43b25df80ed3abc8c) Importer(815301076,1909f56bfc062723c751e8b465ee728b)
Start importing Assets/New Universal Render Pipeline Asset.asset using Guid(d6419595c2465cb43b25df80ed3abc8c) Importer(815301076,1909f56bfc062723c751e8b465ee728b)  -> (artifact id: '03e6e1ebc5759179ee69dc3993144e33') in 0.003945 seconds 
========================================================================
Received Import Request.
  Time since last request: 0.000009 seconds.
  path: Assets/Samples/Universal RP/12.1.7/URP Package Samples/RendererFeatures/KeepFrame/KeepFramePipeline.asset
  artifactKey: Guid(9e90e7d93ed9c4550a1d96cbef288bbd) Importer(815301076,1909f56bfc062723c751e8b465ee728b)
Start importing Assets/Samples/Universal RP/12.1.7/URP Package Samples/RendererFeatures/KeepFrame/KeepFramePipeline.asset using Guid(9e90e7d93ed9c4550a1d96cbef288bbd) Importer(815301076,1909f56bfc062723c751e8b465ee728b)  -> (artifact id: 'e5feed7500f4f3533449c4f88977e534') in 0.005909 seconds 
========================================================================
Received Import Request.
  Time since last request: 0.000017 seconds.
  path: Assets/Samples/Universal RP/12.1.7/URP Package Samples/RendererFeatures/AmbientOcclusion/SSAO_Pipeline.asset
  artifactKey: Guid(18d64236151f749d8a4bfb7872578801) Importer(815301076,1909f56bfc062723c751e8b465ee728b)
Start importing Assets/Samples/Universal RP/12.1.7/URP Package Samples/RendererFeatures/AmbientOcclusion/SSAO_Pipeline.asset using Guid(18d64236151f749d8a4bfb7872578801) Importer(815301076,1909f56bfc062723c751e8b465ee728b)  -> (artifact id: 'fb764c3e14ed4c2e28683caf84689e31') in 0.006914 seconds 
Editor requested this worker to shutdown with reason: Scaling down because of idle timeout
AssetImportWorker is now disconnected from the server
Process exiting
Exiting without the bug reporter. Application will terminate with return code 0